Using pre-set license
Built from '2021.3/china_unity/release' branch; Version is '2021.3.27f1c1 (2776fa9c5d2b) revision 2586362'; Using compiler version '192829333'; Build Type 'Release'
OS: 'Windows 10  (10.0.19045) 64bit Professional' Language: 'zh' Physical Memory: 32581 MB
BatchMode: 1, IsHumanControllingUs: 0, StartBugReporterOnCrash: 0, Is64bit: 1, IsPro: 1

COMMAND LINE ARGUMENTS:
C:\Program Files\Unity\Hub\Editor\2021.3.27f1c1\Editor\Unity.exe
-adb2
-batchMode
-noUpm
-name
AssetImportWorker0
-projectPath
F:/UnityProjects/VFXTutorial
-logFile
Logs/AssetImportWorker0.log
-srvPort
5519
Successfully changed project path to: F:/UnityProjects/VFXTutorial
F:/UnityProjects/VFXTutorial
[UnityMemory] Configuration Parameters - Can be set up in boot.config
    "memorysetup-bucket-allocator-granularity=16"
    "memorysetup-bucket-allocator-bucket-count=8"
    "memorysetup-bucket-allocator-block-size=33554432"
    "memorysetup-bucket-allocator-block-count=8"
    "memorysetup-main-allocator-block-size=16777216"
    "memorysetup-thread-allocator-block-size=16777216"
    "memorysetup-gfx-main-allocator-block-size=16777216"
    "memorysetup-gfx-thread-allocator-block-size=16777216"
    "memorysetup-cache-allocator-block-size=4194304"
    "memorysetup-typetree-allocator-block-size=2097152"
    "memorysetup-profiler-bucket-allocator-granularity=16"
    "memorysetup-profiler-bucket-allocator-bucket-count=8"
    "memorysetup-profiler-bucket-allocator-block-size=33554432"
    "memorysetup-profiler-bucket-allocator-block-count=8"
    "memorysetup-profiler-allocator-block-size=16777216"
    "memorysetup-profiler-editor-allocator-block-size=1048576"
    "memorysetup-temp-allocator-size-main=16777216"
    "memorysetup-job-temp-allocator-block-size=2097152"
    "memorysetup-job-temp-allocator-block-size-background=1048576"
    "memorysetup-job-temp-allocator-reduction-small-platforms=262144"
    "memorysetup-temp-allocator-size-background-worker=32768"
    "memorysetup-temp-allocator-size-job-worker=262144"
    "memorysetup-temp-allocator-size-preload-manager=33554432"
    "memorysetup-temp-allocator-size-nav-mesh-worker=65536"
    "memorysetup-temp-allocator-size-audio-worker=65536"
    "memorysetup-temp-allocator-size-cloud-worker=32768"
    "memorysetup-temp-allocator-size-gi-baking-worker=262144"
    "memorysetup-temp-allocator-size-gfx=262144"
Player connection [18300] Host "[IP] 192.168.0.107 [Port] 0 [Flags] 2 [Guid] 1280259684 [EditorId] 1280259684 [Version] 1048832 [Id] WindowsEditor(7,DESKTOP-JNUEP2Q) [Debug] 1 [PackageName] WindowsEditor [ProjectName] Editor" joined multi-casting on [225.0.0.222:54997]...

Player connection [18300] Host "[IP] 192.168.0.107 [Port] 0 [Flags] 2 [Guid] 1280259684 [EditorId] 1280259684 [Version] 1048832 [Id] WindowsEditor(7,DESKTOP-JNUEP2Q) [Debug] 1 [PackageName] WindowsEditor [ProjectName] Editor" joined alternative multi-casting on [225.0.0.222:34997]...

AS: AutoStreaming module initializing.
Refreshing native plugins compatible for Editor in 83.39 ms, found 3 plugins.
Preloading 0 native plugins for Editor in 0.00 ms.
Initialize engine version: 2021.3.27f1c1 (2776fa9c5d2b)
[Subsystems] Discovering subsystems at path C:/Program Files/Unity/Hub/Editor/2021.3.27f1c1/Editor/Data/Resources/UnitySubsystems
[Subsystems] Discovering subsystems at path F:/UnityProjects/VFXTutorial/Assets
GfxDevice: creating device client; threaded=0; jobified=0
Direct3D:
    Version:  Direct3D 11.0 [level 11.1]
    Renderer: NVIDIA GeForce RTX 3060 Ti (ID=0x24c9)
    Vendor:   NVIDIA
    VRAM:     8038 MB
    Driver:   31.0.15.3179
Initialize mono
Mono path[0] = 'C:/Program Files/Unity/Hub/Editor/2021.3.27f1c1/Editor/Data/Managed'
Mono path[1] = 'C:/Program Files/Unity/Hub/Editor/2021.3.27f1c1/Editor/Data/MonoBleedingEdge/lib/mono/unityjit-win32'
Mono config path = 'C:/Program Files/Unity/Hub/Editor/2021.3.27f1c1/Editor/Data/MonoBleedingEdge/etc'
Using monoOptions --debugger-agent=transport=dt_socket,embedding=1,server=y,suspend=n,address=127.0.0.1:56004
Begin MonoManager ReloadAssembly
Registering precompiled unity dll's ...
Register platform support module: C:/Program Files/Unity/Hub/Editor/2021.3.27f1c1/Editor/Data/PlaybackEngines/WindowsStandaloneSupport/UnityEditor.WindowsStandalone.Extensions.dll
Registered in 0.007829 seconds.
Native extension for WindowsStandalone target not found
Refreshing native plugins compatible for Editor in 83.91 ms, found 3 plugins.
Preloading 0 native plugins for Editor in 0.00 ms.
Mono: successfully reloaded assembly
- Completed reload, in  0.716 seconds
Domain Reload Profiling:
	ReloadAssembly (716ms)
		BeginReloadAssembly (103ms)
			ExecutionOrderSort (0ms)
			DisableScriptedObjects (0ms)
			BackupInstance (0ms)
			ReleaseScriptingObjects (0ms)
			CreateAndSetChildDomain (1ms)
		EndReloadAssembly (491ms)
			LoadAssemblies (98ms)
			RebuildTransferFunctionScriptingTraits (0ms)
			SetupTypeCache (114ms)
			ReleaseScriptCaches (0ms)
			RebuildScriptCaches (31ms)
			SetupLoadedEditorAssemblies (284ms)
				LogAssemblyErrors (0ms)
				InitializePlatformSupportModulesInManaged (9ms)
				SetLoadedEditorAssemblies (0ms)
				RefreshPlugins (84ms)
				BeforeProcessingInitializeOnLoad (1ms)
				ProcessInitializeOnLoadAttributes (134ms)
				ProcessInitializeOnLoadMethodAttributes (55ms)
				AfterProcessingInitializeOnLoad (0ms)
				EditorAssembliesLoaded (0ms)
			ExecutionOrderSort2 (0ms)
			AwakeInstancesAfterBackupRestoration (0ms)
Platform modules already initialized, skipping
Registering precompiled user dll's ...
Registered in 0.007355 seconds.
Begin MonoManager ReloadAssembly
Symbol file LoadedFromMemory doesn't match image F:\UnityProjects\VFXTutorial\Library\PackageCache\com.unity.visualscripting@1.8.0\Editor\VisualScripting.Core\Dependencies\YamlDotNet\Unity.VisualScripting.YamlDotNet.dll
Symbol file LoadedFromMemory doesn't match image F:\UnityProjects\VFXTutorial\Library\PackageCache\com.unity.visualscripting@1.8.0\Editor\VisualScripting.Core\Dependencies\DotNetZip\Unity.VisualScripting.IonicZip.dll
Native extension for WindowsStandalone target not found
Refreshing native plugins compatible for Editor in 0.53 ms, found 3 plugins.
Preloading 0 native plugins for Editor in 0.00 ms.
Mono: successfully reloaded assembly
- Completed reload, in  1.114 seconds
Domain Reload Profiling:
	ReloadAssembly (1115ms)
		BeginReloadAssembly (126ms)
			ExecutionOrderSort (0ms)
			DisableScriptedObjects (8ms)
			BackupInstance (0ms)
			ReleaseScriptingObjects (0ms)
			CreateAndSetChildDomain (17ms)
		EndReloadAssembly (860ms)
			LoadAssemblies (92ms)
			RebuildTransferFunctionScriptingTraits (0ms)
			SetupTypeCache (279ms)
			ReleaseScriptCaches (0ms)
			RebuildScriptCaches (54ms)
			SetupLoadedEditorAssemblies (386ms)
				LogAssemblyErrors (0ms)
				InitializePlatformSupportModulesInManaged (7ms)
				SetLoadedEditorAssemblies (1ms)
				RefreshPlugins (1ms)
				BeforeProcessingInitializeOnLoad (94ms)
				ProcessInitializeOnLoadAttributes (246ms)
				ProcessInitializeOnLoadMethodAttributes (23ms)
				AfterProcessingInitializeOnLoad (14ms)
				EditorAssembliesLoaded (0ms)
			ExecutionOrderSort2 (0ms)
			AwakeInstancesAfterBackupRestoration (7ms)
Platform modules already initialized, skipping
========================================================================
Worker process is ready to serve import requests
Launched and connected shader compiler UnityShaderCompiler.exe after 0.05 seconds
Refreshing native plugins compatible for Editor in 0.35 ms, found 3 plugins.
Preloading 0 native plugins for Editor in 0.00 ms.
Unloading 3056 Unused Serialized files (Serialized files now loaded: 0)
Unloading 22 unused Assets / (46.7 KB). Loaded Objects now: 3519.
Memory consumption went from 108.4 MB to 108.3 MB.
Total: 2.314300 ms (FindLiveObjects: 0.178000 ms CreateObjectMapping: 0.068700 ms MarkObjects: 2.002000 ms  DeleteObjects: 0.064400 ms)

AssetImportParameters requested are different than current active one (requested -> active):
  custom:video-decoder-ogg-theora: a1e56fd34408186e4bbccfd4996cb3dc -> 
  custom:container-muxer-webm: aa71ff27fc2769a1b78a27578f13a17b -> 
  custom:container-demuxer-webm: 4f35f7cbe854078d1ac9338744f61a02 -> 
  custom:video-encoder-webm-vp8: eb34c28f22e8b96e1ab97ce403110664 -> 
  custom:audio-encoder-webm-vorbis: bf7c407c2cedff20999df2af8eb42d56 -> 
  custom:framework-win-MediaFoundation: 216162199b28c13a410421893ffa2e32 -> 
  custom:container-demuxer-ogg: 62fdf1f143b41e24485cea50d1cbac27 -> 
  custom:video-decoder-webm-vp8: 9c59270c3fd7afecdb556c50c9e8de78 -> 
  custom:audio-decoder-ogg-vorbis: bf7c407c2cedff20999df2af8eb42d56 -> 
========================================================================
Received Import Request.
  Time since last request: 629516.469397 seconds.
  path: Assets/Scripts
  artifactKey: Guid(0a796480eac67e84395302932f867705) Importer(815301076,1909f56bfc062723c751e8b465ee728b)
Start importing Assets/Scripts using Guid(0a796480eac67e84395302932f867705) Importer(815301076,1909f56bfc062723c751e8b465ee728b)  -> (artifact id: '80b1be64138f3651760fd523d3377746') in 0.010445 seconds 
========================================================================
Received Prepare
Registering precompiled user dll's ...
Registered in 0.009181 seconds.
Begin MonoManager ReloadAssembly
Symbol file LoadedFromMemory doesn't match image F:\UnityProjects\VFXTutorial\Library\PackageCache\com.unity.visualscripting@1.8.0\Editor\VisualScripting.Core\Dependencies\YamlDotNet\Unity.VisualScripting.YamlDotNet.dll
Symbol file LoadedFromMemory doesn't match image F:\UnityProjects\VFXTutorial\Library\PackageCache\com.unity.visualscripting@1.8.0\Editor\VisualScripting.Core\Dependencies\DotNetZip\Unity.VisualScripting.IonicZip.dll
Native extension for WindowsStandalone target not found
Refreshing native plugins compatible for Editor in 0.51 ms, found 3 plugins.
Preloading 0 native plugins for Editor in 0.00 ms.
Mono: successfully reloaded assembly
- Completed reload, in  1.062 seconds
Domain Reload Profiling:
	ReloadAssembly (1063ms)
		BeginReloadAssembly (158ms)
			ExecutionOrderSort (0ms)
			DisableScriptedObjects (7ms)
			BackupInstance (0ms)
			ReleaseScriptingObjects (0ms)
			CreateAndSetChildDomain (31ms)
		EndReloadAssembly (788ms)
			LoadAssemblies (106ms)
			RebuildTransferFunctionScriptingTraits (0ms)
			SetupTypeCache (281ms)
			ReleaseScriptCaches (1ms)
			RebuildScriptCaches (43ms)
			SetupLoadedEditorAssemblies (320ms)
				LogAssemblyErrors (0ms)
				InitializePlatformSupportModulesInManaged (7ms)
				SetLoadedEditorAssemblies (1ms)
				RefreshPlugins (1ms)
				BeforeProcessingInitializeOnLoad (73ms)
				ProcessInitializeOnLoadAttributes (203ms)
				ProcessInitializeOnLoadMethodAttributes (22ms)
				AfterProcessingInitializeOnLoad (14ms)
				EditorAssembliesLoaded (0ms)
			ExecutionOrderSort2 (0ms)
			AwakeInstancesAfterBackupRestoration (7ms)
Platform modules already initialized, skipping
Refreshing native plugins compatible for Editor in 2.11 ms, found 3 plugins.
Preloading 0 native plugins for Editor in 0.00 ms.
Unloading 3044 Unused Serialized files (Serialized files now loaded: 0)
Unloading 16 unused Assets / (21.9 KB). Loaded Objects now: 3521.
Memory consumption went from 107.6 MB to 107.6 MB.
Total: 2.629100 ms (FindLiveObjects: 0.343000 ms CreateObjectMapping: 0.081200 ms MarkObjects: 2.183200 ms  DeleteObjects: 0.020600 ms)

AssetImportParameters requested are different than current active one (requested -> active):
  custom:video-decoder-ogg-theora: a1e56fd34408186e4bbccfd4996cb3dc -> 
  custom:container-muxer-webm: aa71ff27fc2769a1b78a27578f13a17b -> 
  custom:container-demuxer-webm: 4f35f7cbe854078d1ac9338744f61a02 -> 
  custom:video-encoder-webm-vp8: eb34c28f22e8b96e1ab97ce403110664 -> 
  custom:audio-encoder-webm-vorbis: bf7c407c2cedff20999df2af8eb42d56 -> 
  custom:framework-win-MediaFoundation: 216162199b28c13a410421893ffa2e32 -> 
  custom:container-demuxer-ogg: 62fdf1f143b41e24485cea50d1cbac27 -> 
  custom:video-decoder-webm-vp8: 9c59270c3fd7afecdb556c50c9e8de78 -> 
  custom:audio-decoder-ogg-vorbis: bf7c407c2cedff20999df2af8eb42d56 -> 
========================================================================
Received Import Request.
  Time since last request: 6.673230 seconds.
  path: Assets/Scenes
  artifactKey: Guid(0a1ca12435a6adf4b944164e86fb3b0a) Importer(815301076,1909f56bfc062723c751e8b465ee728b)
Start importing Assets/Scenes using Guid(0a1ca12435a6adf4b944164e86fb3b0a) Importer(815301076,1909f56bfc062723c751e8b465ee728b)  -> (artifact id: '722544dd0a8daf16c5be7b639e3aefa0') in 0.013501 seconds 
========================================================================
Received Import Request.
  Time since last request: 0.630757 seconds.
  path: Assets/Scenes/Fire.unity
  artifactKey: Guid(246183e2d3524c841a14a3fae04fd1d4) Importer(815301076,1909f56bfc062723c751e8b465ee728b)
Start importing Assets/Scenes/Fire.unity using Guid(246183e2d3524c841a14a3fae04fd1d4) Importer(815301076,1909f56bfc062723c751e8b465ee728b)  -> (artifact id: '3e9695fa83c107a98d318d2543eb91b1') in 0.012153 seconds 
========================================================================
Received Import Request.
  Time since last request: 7.526091 seconds.
  path: Assets/Materials/2Water/MAT_Drip.mat
  artifactKey: Guid(3c4ae1fb70e4d9242a7f7f89e7ba7320) Importer(815301076,1909f56bfc062723c751e8b465ee728b)
Start importing Assets/Materials/2Water/MAT_Drip.mat using Guid(3c4ae1fb70e4d9242a7f7f89e7ba7320) Importer(815301076,1909f56bfc062723c751e8b465ee728b)  -> (artifact id: '1f2dc5ddd4ccc90203a07694d741c9ea') in 0.133059 seconds 
========================================================================
Received Import Request.
  Time since last request: 33.001137 seconds.
  path: Assets/Textures/bricks_plain_A.tif
  artifactKey: Guid(a485e94d132880442a91c0a12978fb54) Importer(815301076,1909f56bfc062723c751e8b465ee728b)
Start importing Assets/Textures/bricks_plain_A.tif using Guid(a485e94d132880442a91c0a12978fb54) Importer(815301076,1909f56bfc062723c751e8b465ee728b)  -> (artifact id: '9e87fc68a2c229e4795eeaa27e485c27') in 0.070756 seconds 
========================================================================
Received Import Request.
  Time since last request: 0.000019 seconds.
  path: Assets/Textures/plaster_white_A.tif
  artifactKey: Guid(b2543573bde2d324d92560e082596da4) Importer(815301076,1909f56bfc062723c751e8b465ee728b)
Start importing Assets/Textures/plaster_white_A.tif using Guid(b2543573bde2d324d92560e082596da4) Importer(815301076,1909f56bfc062723c751e8b465ee728b)  -> (artifact id: '3f5e857701f4b9ef97a374c34ce60438') in 0.014830 seconds 
========================================================================
Received Import Request.
  Time since last request: 0.000029 seconds.
  path: Assets/Textures/det_concrete_A.tif
  artifactKey: Guid(b67939a90aee1ca43b13293937464071) Importer(815301076,1909f56bfc062723c751e8b465ee728b)
Start importing Assets/Textures/det_concrete_A.tif using Guid(b67939a90aee1ca43b13293937464071) Importer(815301076,1909f56bfc062723c751e8b465ee728b)  -> (artifact id: '0c498917dc1b64ffe3068d9c656cdf6b') in 0.022710 seconds 
========================================================================
Received Import Request.
  Time since last request: 0.000032 seconds.
  path: Assets/Textures/metal_plain_tiling_R.tif
  artifactKey: Guid(58cfbd7cd970d2c45a34f80c24a9a8a3) Importer(815301076,1909f56bfc062723c751e8b465ee728b)
Start importing Assets/Textures/metal_plain_tiling_R.tif using Guid(58cfbd7cd970d2c45a34f80c24a9a8a3) Importer(815301076,1909f56bfc062723c751e8b465ee728b)  -> (artifact id: '20a39350ae5016d18fb7c4fe80e6b775') in 0.018924 seconds 
========================================================================
Received Import Request.
  Time since last request: 0.000023 seconds.
  path: Assets/Textures/ground_redclay_A.tif
  artifactKey: Guid(20919e8d2ce1e5f42b9c867e084b633d) Importer(815301076,1909f56bfc062723c751e8b465ee728b)
Start importing Assets/Textures/ground_redclay_A.tif using Guid(20919e8d2ce1e5f42b9c867e084b633d) Importer(815301076,1909f56bfc062723c751e8b465ee728b)  -> (artifact id: '38877ae0c69515e7253d80ce96599936') in 0.015259 seconds 
========================================================================
Received Import Request.
  Time since last request: 0.923835 seconds.
  path: Assets/Models/En_Campfire_01.fbx
  artifactKey: Guid(43cc898222f99184dabd8810917cf6f6) Importer(815301076,1909f56bfc062723c751e8b465ee728b)
Start importing Assets/Models/En_Campfire_01.fbx using Guid(43cc898222f99184dabd8810917cf6f6) Importer(815301076,1909f56bfc062723c751e8b465ee728b)  -> (artifact id: '0726b2059f2e14c79f1a25f6290b4e5a') in 0.268956 seconds 
========================================================================
Received Import Request.
  Time since last request: 0.425021 seconds.
  path: Assets/Materials/Dilate.mat
  artifactKey: Guid(125b3ad55d01a4b7895cfb3ab6b47c66) Importer(815301076,1909f56bfc062723c751e8b465ee728b)
Start importing Assets/Materials/Dilate.mat using Guid(125b3ad55d01a4b7895cfb3ab6b47c66) Importer(815301076,1909f56bfc062723c751e8b465ee728b)  -> (artifact id: '12e13c714dca4b45cd89c95af713b924') in 0.014379 seconds 
========================================================================
Received Import Request.
  Time since last request: 0.000026 seconds.
  path: Assets/Materials/UnlitTextureMat.mat
  artifactKey: Guid(5b35b2caaa18441b4a3c321f879cdceb) Importer(815301076,1909f56bfc062723c751e8b465ee728b)
Start importing Assets/Materials/UnlitTextureMat.mat using Guid(5b35b2caaa18441b4a3c321f879cdceb) Importer(815301076,1909f56bfc062723c751e8b465ee728b)  -> (artifact id: '492aa20d94136c5849b5dbd65f9126e0') in 0.040290 seconds 
========================================================================
Received Import Request.
  Time since last request: 0.000019 seconds.
  path: Assets/Materials/FractalNoiseUnwrap.mat
  artifactKey: Guid(8791026cbb2e24ad68bc95311a0407ec) Importer(815301076,1909f56bfc062723c751e8b465ee728b)
Start importing Assets/Materials/FractalNoiseUnwrap.mat using Guid(8791026cbb2e24ad68bc95311a0407ec) Importer(815301076,1909f56bfc062723c751e8b465ee728b)  -> (artifact id: '2dacfb19ea2c0644a9bca28c586fd119') in 0.010020 seconds 
Editor requested this worker to shutdown with reason: Scaling down because of idle timeout
AssetImportWorker is now disconnected from the server
Process exiting
Exiting without the bug reporter. Application will terminate with return code 0