Using pre-set license
Built from '2021.3/china_unity/release' branch; Version is '2021.3.27f1c1 (2776fa9c5d2b) revision 2586362'; Using compiler version '192829333'; Build Type 'Release'
OS: 'Windows 10  (10.0.19045) 64bit Professional' Language: 'zh' Physical Memory: 32581 MB
BatchMode: 1, IsHumanControllingUs: 0, StartBugReporterOnCrash: 0, Is64bit: 1, IsPro: 1

COMMAND LINE ARGUMENTS:
C:\Program Files\Unity\Hub\Editor\2021.3.27f1c1\Editor\Unity.exe
-adb2
-batchMode
-noUpm
-name
AssetImportWorker4
-projectPath
F:/UnityProjects/VFXTutorial
-logFile
Logs/AssetImportWorker4.log
-srvPort
5519
Successfully changed project path to: F:/UnityProjects/VFXTutorial
F:/UnityProjects/VFXTutorial
[UnityMemory] Configuration Parameters - Can be set up in boot.config
    "memorysetup-bucket-allocator-granularity=16"
    "memorysetup-bucket-allocator-bucket-count=8"
    "memorysetup-bucket-allocator-block-size=33554432"
    "memorysetup-bucket-allocator-block-count=8"
    "memorysetup-main-allocator-block-size=16777216"
    "memorysetup-thread-allocator-block-size=16777216"
    "memorysetup-gfx-main-allocator-block-size=16777216"
    "memorysetup-gfx-thread-allocator-block-size=16777216"
    "memorysetup-cache-allocator-block-size=4194304"
    "memorysetup-typetree-allocator-block-size=2097152"
    "memorysetup-profiler-bucket-allocator-granularity=16"
    "memorysetup-profiler-bucket-allocator-bucket-count=8"
    "memorysetup-profiler-bucket-allocator-block-size=33554432"
    "memorysetup-profiler-bucket-allocator-block-count=8"
    "memorysetup-profiler-allocator-block-size=16777216"
    "memorysetup-profiler-editor-allocator-block-size=1048576"
    "memorysetup-temp-allocator-size-main=16777216"
    "memorysetup-job-temp-allocator-block-size=2097152"
    "memorysetup-job-temp-allocator-block-size-background=1048576"
    "memorysetup-job-temp-allocator-reduction-small-platforms=262144"
    "memorysetup-temp-allocator-size-background-worker=32768"
    "memorysetup-temp-allocator-size-job-worker=262144"
    "memorysetup-temp-allocator-size-preload-manager=33554432"
    "memorysetup-temp-allocator-size-nav-mesh-worker=65536"
    "memorysetup-temp-allocator-size-audio-worker=65536"
    "memorysetup-temp-allocator-size-cloud-worker=32768"
    "memorysetup-temp-allocator-size-gi-baking-worker=262144"
    "memorysetup-temp-allocator-size-gfx=262144"
Player connection [10892] Host "[IP] 192.168.0.107 [Port] 0 [Flags] 2 [Guid] 3372320958 [EditorId] 3372320958 [Version] 1048832 [Id] WindowsEditor(7,DESKTOP-JNUEP2Q) [Debug] 1 [PackageName] WindowsEditor [ProjectName] Editor" joined multi-casting on [225.0.0.222:54997]...

Player connection [10892] Host "[IP] 192.168.0.107 [Port] 0 [Flags] 2 [Guid] 3372320958 [EditorId] 3372320958 [Version] 1048832 [Id] WindowsEditor(7,DESKTOP-JNUEP2Q) [Debug] 1 [PackageName] WindowsEditor [ProjectName] Editor" joined alternative multi-casting on [225.0.0.222:34997]...

AS: AutoStreaming module initializing.
Refreshing native plugins compatible for Editor in 86.15 ms, found 3 plugins.
Preloading 0 native plugins for Editor in 0.00 ms.
Initialize engine version: 2021.3.27f1c1 (2776fa9c5d2b)
[Subsystems] Discovering subsystems at path C:/Program Files/Unity/Hub/Editor/2021.3.27f1c1/Editor/Data/Resources/UnitySubsystems
[Subsystems] Discovering subsystems at path F:/UnityProjects/VFXTutorial/Assets
GfxDevice: creating device client; threaded=0; jobified=0
Direct3D:
    Version:  Direct3D 11.0 [level 11.1]
    Renderer: NVIDIA GeForce RTX 3060 Ti (ID=0x24c9)
    Vendor:   NVIDIA
    VRAM:     8038 MB
    Driver:   31.0.15.3179
Initialize mono
Mono path[0] = 'C:/Program Files/Unity/Hub/Editor/2021.3.27f1c1/Editor/Data/Managed'
Mono path[1] = 'C:/Program Files/Unity/Hub/Editor/2021.3.27f1c1/Editor/Data/MonoBleedingEdge/lib/mono/unityjit-win32'
Mono config path = 'C:/Program Files/Unity/Hub/Editor/2021.3.27f1c1/Editor/Data/MonoBleedingEdge/etc'
Using monoOptions --debugger-agent=transport=dt_socket,embedding=1,server=y,suspend=n,address=127.0.0.1:56444
Begin MonoManager ReloadAssembly
Registering precompiled unity dll's ...
Register platform support module: C:/Program Files/Unity/Hub/Editor/2021.3.27f1c1/Editor/Data/PlaybackEngines/WindowsStandaloneSupport/UnityEditor.WindowsStandalone.Extensions.dll
Registered in 0.008863 seconds.
Native extension for WindowsStandalone target not found
Refreshing native plugins compatible for Editor in 84.85 ms, found 3 plugins.
Preloading 0 native plugins for Editor in 0.00 ms.
Mono: successfully reloaded assembly
- Completed reload, in  0.720 seconds
Domain Reload Profiling:
	ReloadAssembly (720ms)
		BeginReloadAssembly (92ms)
			ExecutionOrderSort (0ms)
			DisableScriptedObjects (0ms)
			BackupInstance (0ms)
			ReleaseScriptingObjects (0ms)
			CreateAndSetChildDomain (1ms)
		EndReloadAssembly (499ms)
			LoadAssemblies (90ms)
			RebuildTransferFunctionScriptingTraits (0ms)
			SetupTypeCache (119ms)
			ReleaseScriptCaches (0ms)
			RebuildScriptCaches (31ms)
			SetupLoadedEditorAssemblies (282ms)
				LogAssemblyErrors (0ms)
				InitializePlatformSupportModulesInManaged (10ms)
				SetLoadedEditorAssemblies (0ms)
				RefreshPlugins (85ms)
				BeforeProcessingInitializeOnLoad (2ms)
				ProcessInitializeOnLoadAttributes (131ms)
				ProcessInitializeOnLoadMethodAttributes (54ms)
				AfterProcessingInitializeOnLoad (0ms)
				EditorAssembliesLoaded (0ms)
			ExecutionOrderSort2 (0ms)
			AwakeInstancesAfterBackupRestoration (0ms)
Platform modules already initialized, skipping
Registering precompiled user dll's ...
Registered in 0.006920 seconds.
Begin MonoManager ReloadAssembly
Symbol file LoadedFromMemory doesn't match image F:\UnityProjects\VFXTutorial\Library\PackageCache\com.unity.visualscripting@1.8.0\Editor\VisualScripting.Core\Dependencies\YamlDotNet\Unity.VisualScripting.YamlDotNet.dll
Symbol file LoadedFromMemory doesn't match image F:\UnityProjects\VFXTutorial\Library\PackageCache\com.unity.visualscripting@1.8.0\Editor\VisualScripting.Core\Dependencies\DotNetZip\Unity.VisualScripting.IonicZip.dll
Native extension for WindowsStandalone target not found
Refreshing native plugins compatible for Editor in 0.55 ms, found 3 plugins.
Preloading 0 native plugins for Editor in 0.00 ms.
Mono: successfully reloaded assembly
- Completed reload, in  1.105 seconds
Domain Reload Profiling:
	ReloadAssembly (1106ms)
		BeginReloadAssembly (135ms)
			ExecutionOrderSort (0ms)
			DisableScriptedObjects (7ms)
			BackupInstance (0ms)
			ReleaseScriptingObjects (0ms)
			CreateAndSetChildDomain (17ms)
		EndReloadAssembly (841ms)
			LoadAssemblies (102ms)
			RebuildTransferFunctionScriptingTraits (0ms)
			SetupTypeCache (276ms)
			ReleaseScriptCaches (0ms)
			RebuildScriptCaches (53ms)
			SetupLoadedEditorAssemblies (377ms)
				LogAssemblyErrors (0ms)
				InitializePlatformSupportModulesInManaged (7ms)
				SetLoadedEditorAssemblies (1ms)
				RefreshPlugins (1ms)
				BeforeProcessingInitializeOnLoad (95ms)
				ProcessInitializeOnLoadAttributes (238ms)
				ProcessInitializeOnLoadMethodAttributes (23ms)
				AfterProcessingInitializeOnLoad (13ms)
				EditorAssembliesLoaded (0ms)
			ExecutionOrderSort2 (0ms)
			AwakeInstancesAfterBackupRestoration (7ms)
Platform modules already initialized, skipping
========================================================================
Worker process is ready to serve import requests
Launched and connected shader compiler UnityShaderCompiler.exe after 0.06 seconds
Refreshing native plugins compatible for Editor in 0.33 ms, found 3 plugins.
Preloading 0 native plugins for Editor in 0.00 ms.
Unloading 3055 Unused Serialized files (Serialized files now loaded: 0)
Unloading 22 unused Assets / (46.4 KB). Loaded Objects now: 3520.
Memory consumption went from 108.5 MB to 108.5 MB.
Total: 1.861800 ms (FindLiveObjects: 0.154600 ms CreateObjectMapping: 0.059800 ms MarkObjects: 1.590800 ms  DeleteObjects: 0.055900 ms)

AssetImportParameters requested are different than current active one (requested -> active):
  custom:video-decoder-ogg-theora: a1e56fd34408186e4bbccfd4996cb3dc -> 
  custom:container-muxer-webm: aa71ff27fc2769a1b78a27578f13a17b -> 
  custom:container-demuxer-webm: 4f35f7cbe854078d1ac9338744f61a02 -> 
  custom:video-encoder-webm-vp8: eb34c28f22e8b96e1ab97ce403110664 -> 
  custom:audio-encoder-webm-vorbis: bf7c407c2cedff20999df2af8eb42d56 -> 
  custom:framework-win-MediaFoundation: 216162199b28c13a410421893ffa2e32 -> 
  custom:container-demuxer-ogg: 62fdf1f143b41e24485cea50d1cbac27 -> 
  custom:video-decoder-webm-vp8: 9c59270c3fd7afecdb556c50c9e8de78 -> 
  custom:audio-decoder-ogg-vorbis: bf7c407c2cedff20999df2af8eb42d56 -> 
========================================================================
Received Import Request.
  Time since last request: 629803.527448 seconds.
  path: Assets/Materials/2Water/MAT_Drip 1.mat
  artifactKey: Guid(40e30ccf011a94c4e8233dddf5f0e8d7) Importer(815301076,1909f56bfc062723c751e8b465ee728b)
Start importing Assets/Materials/2Water/MAT_Drip 1.mat using Guid(40e30ccf011a94c4e8233dddf5f0e8d7) Importer(815301076,1909f56bfc062723c751e8b465ee728b)  -> (artifact id: 'a1a6a5a56e8e455255c0d993a2d293b4') in 0.123956 seconds 
========================================================================
Received Import Request.
  Time since last request: 54.498398 seconds.
  path: Assets/Textures/2Water/TEX_Drip2.tga
  artifactKey: Guid(11290dc3b2bb12b45b7c112befe06025) Importer(815301076,1909f56bfc062723c751e8b465ee728b)
Start importing Assets/Textures/2Water/TEX_Drip2.tga using Guid(11290dc3b2bb12b45b7c112befe06025) Importer(815301076,1909f56bfc062723c751e8b465ee728b)  -> (artifact id: 'e66c0f9b4c817c22eab735e0eab48676') in 0.023657 seconds 
========================================================================
Received Import Request.
  Time since last request: 123.657254 seconds.
  path: Assets/Textures/2Water/VFX_Circle003.png
  artifactKey: Guid(a88c0ce4e0c57cb4eb95a967b535b3d7) Importer(815301076,1909f56bfc062723c751e8b465ee728b)
Start importing Assets/Textures/2Water/VFX_Circle003.png using Guid(a88c0ce4e0c57cb4eb95a967b535b3d7) Importer(815301076,1909f56bfc062723c751e8b465ee728b)  -> (artifact id: '4ecd9dd0db71b7821ed399fb32616b84') in 0.042925 seconds 
========================================================================
Received Import Request.
  Time since last request: 714.445117 seconds.
  path: Assets/Textures/2Water/VFX_Mask029.png
  artifactKey: Guid(e64c982efa19b5a438a60b20ebb6ad76) Importer(815301076,1909f56bfc062723c751e8b465ee728b)
Start importing Assets/Textures/2Water/VFX_Mask029.png using Guid(e64c982efa19b5a438a60b20ebb6ad76) Importer(815301076,1909f56bfc062723c751e8b465ee728b)  -> (artifact id: '1861837bbc317e3af1747398217b0a1c') in 0.030723 seconds 
========================================================================
Received Import Request.
  Time since last request: 0.000020 seconds.
  path: Assets/Textures/2Water/VFX_Trail031_Clamp.tga
  artifactKey: Guid(32042eef0e7775748b871ec37fd5588d) Importer(815301076,1909f56bfc062723c751e8b465ee728b)
Start importing Assets/Textures/2Water/VFX_Trail031_Clamp.tga using Guid(32042eef0e7775748b871ec37fd5588d) Importer(815301076,1909f56bfc062723c751e8b465ee728b)  -> (artifact id: '05d8d05429f7ca3bc14a9317cefbf33f') in 0.038708 seconds 
========================================================================
Received Import Request.
  Time since last request: 842.546542 seconds.
  path: Assets/Materials/1Fire/MAT_Campfire_Stone 1.mat
  artifactKey: Guid(97e9cef98bd4abd43ab112669149a2a0) Importer(815301076,1909f56bfc062723c751e8b465ee728b)
Start importing Assets/Materials/1Fire/MAT_Campfire_Stone 1.mat using Guid(97e9cef98bd4abd43ab112669149a2a0) Importer(815301076,1909f56bfc062723c751e8b465ee728b)  -> (artifact id: 'ebd4609aabaa2193bb6b3b761c0d7edf') in 0.328870 seconds 
========================================================================
Received Import Request.
  Time since last request: 0.000026 seconds.
  path: Assets/Materials/1Fire/MAT_Fire_Add.mat
  artifactKey: Guid(328db10893dbc4b4f82d43625b69d4dd) Importer(815301076,1909f56bfc062723c751e8b465ee728b)
Start importing Assets/Materials/1Fire/MAT_Fire_Add.mat using Guid(328db10893dbc4b4f82d43625b69d4dd) Importer(815301076,1909f56bfc062723c751e8b465ee728b)  -> (artifact id: '19c875ab2d17d699e042711d24b0846a') in 0.053744 seconds 
========================================================================
Received Import Request.
  Time since last request: 0.000028 seconds.
  path: Assets/Materials/1Fire/MAT_Fire_Sparks.mat
  artifactKey: Guid(1a054c1e367a1e949b3899e51fde4e99) Importer(815301076,1909f56bfc062723c751e8b465ee728b)
Start importing Assets/Materials/1Fire/MAT_Fire_Sparks.mat using Guid(1a054c1e367a1e949b3899e51fde4e99) Importer(815301076,1909f56bfc062723c751e8b465ee728b)  -> (artifact id: '2c9717f46f4d9f5bbaa74af08e09eb78') in 0.015392 seconds 
========================================================================
Received Import Request.
  Time since last request: 0.000016 seconds.
  path: Assets/Materials/1Fire/MAT_Fire_Glow.mat
  artifactKey: Guid(3fb5893cc5e9591408f9b23b5dbcc857) Importer(815301076,1909f56bfc062723c751e8b465ee728b)
Start importing Assets/Materials/1Fire/MAT_Fire_Glow.mat using Guid(3fb5893cc5e9591408f9b23b5dbcc857) Importer(815301076,1909f56bfc062723c751e8b465ee728b)  -> (artifact id: 'ec3f56175bdb1c097dfdd5bf09d0d474') in 0.011690 seconds 
========================================================================
Received Import Request.
  Time since last request: 0.000018 seconds.
  path: Assets/Materials/1Fire/MAT_Fire.mat
  artifactKey: Guid(86413d2af4d25af45a032fb7c7d2011b) Importer(815301076,1909f56bfc062723c751e8b465ee728b)
Start importing Assets/Materials/1Fire/MAT_Fire.mat using Guid(86413d2af4d25af45a032fb7c7d2011b) Importer(815301076,1909f56bfc062723c751e8b465ee728b)  -> (artifact id: '29cf19b4540efa87a01b6544123d1854') in 0.013596 seconds 
========================================================================
Received Import Request.
  Time since last request: 3.822454 seconds.
  path: Assets/Materials/2Water/MAT_Drip 1.mat
  artifactKey: Guid(40e30ccf011a94c4e8233dddf5f0e8d7) Importer(815301076,1909f56bfc062723c751e8b465ee728b)
Start importing Assets/Materials/2Water/MAT_Drip 1.mat using Guid(40e30ccf011a94c4e8233dddf5f0e8d7) Importer(815301076,1909f56bfc062723c751e8b465ee728b)  -> (artifact id: 'ae5cb858909b84341d2097f3ba624254') in 0.013727 seconds 
========================================================================
Received Import Request.
  Time since last request: 8.884884 seconds.
  path: Assets/Materials/2Water/MAT_Ripple.mat
  artifactKey: Guid(6e8aabea32b03d94b9f8aef7f8702daf) Importer(815301076,1909f56bfc062723c751e8b465ee728b)
Start importing Assets/Materials/2Water/MAT_Ripple.mat using Guid(6e8aabea32b03d94b9f8aef7f8702daf) Importer(815301076,1909f56bfc062723c751e8b465ee728b)  -> (artifact id: '40f787f57c9ac19af5a3b70b85aebcce') in 0.029849 seconds 
========================================================================
Received Import Request.
  Time since last request: 65.556656 seconds.
  path: Assets/Textures/2Water/TEX_Circle.tga
  artifactKey: Guid(a9e65f90cbab501449a0a7e2e73deff4) Importer(815301076,1909f56bfc062723c751e8b465ee728b)
Start importing Assets/Textures/2Water/TEX_Circle.tga using Guid(a9e65f90cbab501449a0a7e2e73deff4) Importer(815301076,1909f56bfc062723c751e8b465ee728b)  -> (artifact id: '893f44e52cfbff0578bd2782325243cf') in 0.046509 seconds 
========================================================================
Received Import Request.
  Time since last request: 823.280309 seconds.
  path: Assets/Materials/2Water/MAT_Ripple 1.mat
  artifactKey: Guid(7a19ee75349b94f469669e68a9459b97) Importer(815301076,1909f56bfc062723c751e8b465ee728b)
Start importing Assets/Materials/2Water/MAT_Ripple 1.mat using Guid(7a19ee75349b94f469669e68a9459b97) Importer(815301076,1909f56bfc062723c751e8b465ee728b)  -> (artifact id: 'f2e3bc3d9eccae64fca452bc0cf7e1a8') in 0.016830 seconds 
========================================================================
Received Import Request.
  Time since last request: 5.571635 seconds.
  path: Assets/Materials/2Water/MAT_Ripple.mat
  artifactKey: Guid(6e8aabea32b03d94b9f8aef7f8702daf) Importer(815301076,1909f56bfc062723c751e8b465ee728b)
Start importing Assets/Materials/2Water/MAT_Ripple.mat using Guid(6e8aabea32b03d94b9f8aef7f8702daf) Importer(815301076,1909f56bfc062723c751e8b465ee728b)  -> (artifact id: '7327b0d81c7261c86332112c93e4de6f') in 0.018423 seconds 
========================================================================
Received Import Request.
  Time since last request: 90.121205 seconds.
  path: Assets/Textures/2Water/TEX_Circle2.tga
  artifactKey: Guid(d1a4c7bb2c69d914bbc191bade4e71d1) Importer(815301076,1909f56bfc062723c751e8b465ee728b)
Start importing Assets/Textures/2Water/TEX_Circle2.tga using Guid(d1a4c7bb2c69d914bbc191bade4e71d1) Importer(815301076,1909f56bfc062723c751e8b465ee728b)  -> (artifact id: 'efcdfd7cf39c9f5cebba49f71c05dc49') in 0.012559 seconds 
========================================================================
Received Import Request.
  Time since last request: 11.438087 seconds.
  path: Assets/Materials/2Water/MAT_Ripple_2.mat
  artifactKey: Guid(7a19ee75349b94f469669e68a9459b97) Importer(815301076,1909f56bfc062723c751e8b465ee728b)
Start importing Assets/Materials/2Water/MAT_Ripple_2.mat using Guid(7a19ee75349b94f469669e68a9459b97) Importer(815301076,1909f56bfc062723c751e8b465ee728b)  -> (artifact id: '5523f52c5a6aea0802b4b806b866132d') in 0.018436 seconds 
========================================================================
Received Import Request.
  Time since last request: 479.863215 seconds.
  path: Assets/Textures/2Water/TEX_Circle2.tga
  artifactKey: Guid(d1a4c7bb2c69d914bbc191bade4e71d1) Importer(815301076,1909f56bfc062723c751e8b465ee728b)
Start importing Assets/Textures/2Water/TEX_Circle2.tga using Guid(d1a4c7bb2c69d914bbc191bade4e71d1) Importer(815301076,1909f56bfc062723c751e8b465ee728b)  -> (artifact id: '8c1b57abd57ea3713f542e8abfe5b14f') in 0.019497 seconds 
========================================================================
Received Import Request.
  Time since last request: 516.624768 seconds.
  path: Assets/Textures/2Water/TEX_Circle.tga
  artifactKey: Guid(a9e65f90cbab501449a0a7e2e73deff4) Importer(815301076,1909f56bfc062723c751e8b465ee728b)
Start importing Assets/Textures/2Water/TEX_Circle.tga using Guid(a9e65f90cbab501449a0a7e2e73deff4) Importer(815301076,1909f56bfc062723c751e8b465ee728b)  -> (artifact id: '963aa7c8c2506e66925dc0029e09d0e7') in 0.008630 seconds 
========================================================================
Received Import Request.
  Time since last request: 132.652197 seconds.
  path: Assets/Materials/2Water/MAT_Ripple.mat
  artifactKey: Guid(6e8aabea32b03d94b9f8aef7f8702daf) Importer(815301076,1909f56bfc062723c751e8b465ee728b)
Start importing Assets/Materials/2Water/MAT_Ripple.mat using Guid(6e8aabea32b03d94b9f8aef7f8702daf) Importer(815301076,1909f56bfc062723c751e8b465ee728b)  -> (artifact id: '81f3499e8b398a6f37ce25bc1c091865') in 0.054721 seconds 
========================================================================
Received Import Request.
  Time since last request: 20.190473 seconds.
  path: Assets/Materials/2Water/MAT_Spray.mat
  artifactKey: Guid(8698b60ae28592b4e96299a8f3cae41e) Importer(815301076,1909f56bfc062723c751e8b465ee728b)
Start importing Assets/Materials/2Water/MAT_Spray.mat using Guid(8698b60ae28592b4e96299a8f3cae41e) Importer(815301076,1909f56bfc062723c751e8b465ee728b)  -> (artifact id: '33822069027269f12240936d73001677') in 0.029053 seconds 
========================================================================
Received Import Request.
  Time since last request: 3.585957 seconds.
  path: Assets/Textures/1Fire/campfire/TX_Campfire_OcclusionRoughnessMetallic_01.png
  artifactKey: Guid(6e2f67ddbd6dd48408689df843c246f9) Importer(815301076,1909f56bfc062723c751e8b465ee728b)
Start importing Assets/Textures/1Fire/campfire/TX_Campfire_OcclusionRoughnessMetallic_01.png using Guid(6e2f67ddbd6dd48408689df843c246f9) Importer(815301076,1909f56bfc062723c751e8b465ee728b)  -> (artifact id: '0001a96d271200e059f6229477ded382') in 0.020402 seconds 
========================================================================
Received Import Request.
  Time since last request: 0.016981 seconds.
  path: Assets/Textures/1Fire/campfire/TX_Campfire_OcclusionRoughnessMetallic_02.png
  artifactKey: Guid(59125632c5b575244be6f8441956ad9a) Importer(815301076,1909f56bfc062723c751e8b465ee728b)
Start importing Assets/Textures/1Fire/campfire/TX_Campfire_OcclusionRoughnessMetallic_02.png using Guid(59125632c5b575244be6f8441956ad9a) Importer(815301076,1909f56bfc062723c751e8b465ee728b)  -> (artifact id: '25abcb121562c651d045b60d51fb0288') in 0.013380 seconds 
========================================================================
Received Import Request.
  Time since last request: 0.000030 seconds.
  path: Assets/Textures/1Fire/campfire/TX_Campfire_OcclusionRoughnessMetallic_03.png
  artifactKey: Guid(6557474d98010b14ba38dae6a80cf828) Importer(815301076,1909f56bfc062723c751e8b465ee728b)
Start importing Assets/Textures/1Fire/campfire/TX_Campfire_OcclusionRoughnessMetallic_03.png using Guid(6557474d98010b14ba38dae6a80cf828) Importer(815301076,1909f56bfc062723c751e8b465ee728b)  -> (artifact id: '27d1cc40f6927a9f3137b3ea83d329eb') in 0.015303 seconds 
========================================================================
Received Import Request.
  Time since last request: 9.826416 seconds.
  path: Assets/Textures/2Water/VFX_Spray.tga
  artifactKey: Guid(32042eef0e7775748b871ec37fd5588d) Importer(815301076,1909f56bfc062723c751e8b465ee728b)
Start importing Assets/Textures/2Water/VFX_Spray.tga using Guid(32042eef0e7775748b871ec37fd5588d) Importer(815301076,1909f56bfc062723c751e8b465ee728b)  -> (artifact id: 'a96aa518ee3409322b9885c5d6779645') in 0.014490 seconds 
========================================================================
Received Import Request.
  Time since last request: 7.937276 seconds.
  path: Assets/Textures/2Water/TEX_Spray.tga
  artifactKey: Guid(32042eef0e7775748b871ec37fd5588d) Importer(815301076,1909f56bfc062723c751e8b465ee728b)
Start importing Assets/Textures/2Water/TEX_Spray.tga using Guid(32042eef0e7775748b871ec37fd5588d) Importer(815301076,1909f56bfc062723c751e8b465ee728b)  -> (artifact id: '3c207b10ff0c907ac55ec6fdd211c07b') in 0.025454 seconds 
========================================================================
Received Import Request.
  Time since last request: 1862.273618 seconds.
  path: Assets/Materials/2Water/MAT_Ripple_2.mat
  artifactKey: Guid(7a19ee75349b94f469669e68a9459b97) Importer(815301076,1909f56bfc062723c751e8b465ee728b)
Start importing Assets/Materials/2Water/MAT_Ripple_2.mat using Guid(7a19ee75349b94f469669e68a9459b97) Importer(815301076,1909f56bfc062723c751e8b465ee728b)  -> (artifact id: 'c9a2f131083758e00ebed400f86f7534') in 0.017888 seconds 
========================================================================
Received Prepare
Registering precompiled user dll's ...
Registered in 0.008443 seconds.
Begin MonoManager ReloadAssembly
Symbol file LoadedFromMemory doesn't match image F:\UnityProjects\VFXTutorial\Library\PackageCache\com.unity.visualscripting@1.8.0\Editor\VisualScripting.Core\Dependencies\YamlDotNet\Unity.VisualScripting.YamlDotNet.dll
Symbol file LoadedFromMemory doesn't match image F:\UnityProjects\VFXTutorial\Library\PackageCache\com.unity.visualscripting@1.8.0\Editor\VisualScripting.Core\Dependencies\DotNetZip\Unity.VisualScripting.IonicZip.dll
Native extension for WindowsStandalone target not found
Refreshing native plugins compatible for Editor in 0.54 ms, found 3 plugins.
Preloading 0 native plugins for Editor in 0.00 ms.
Mono: successfully reloaded assembly
- Completed reload, in  1.066 seconds
Domain Reload Profiling:
	ReloadAssembly (1067ms)
		BeginReloadAssembly (148ms)
			ExecutionOrderSort (0ms)
			DisableScriptedObjects (7ms)
			BackupInstance (0ms)
			ReleaseScriptingObjects (0ms)
			CreateAndSetChildDomain (33ms)
		EndReloadAssembly (808ms)
			LoadAssemblies (90ms)
			RebuildTransferFunctionScriptingTraits (0ms)
			SetupTypeCache (284ms)
			ReleaseScriptCaches (1ms)
			RebuildScriptCaches (44ms)
			SetupLoadedEditorAssemblies (341ms)
				LogAssemblyErrors (0ms)
				InitializePlatformSupportModulesInManaged (7ms)
				SetLoadedEditorAssemblies (1ms)
				RefreshPlugins (1ms)
				BeforeProcessingInitializeOnLoad (77ms)
				ProcessInitializeOnLoadAttributes (216ms)
				ProcessInitializeOnLoadMethodAttributes (24ms)
				AfterProcessingInitializeOnLoad (16ms)
				EditorAssembliesLoaded (0ms)
			ExecutionOrderSort2 (0ms)
			AwakeInstancesAfterBackupRestoration (8ms)
Platform modules already initialized, skipping
Refreshing native plugins compatible for Editor in 1.89 ms, found 3 plugins.
Preloading 0 native plugins for Editor in 0.00 ms.
Unloading 3044 Unused Serialized files (Serialized files now loaded: 0)
Unloading 16 unused Assets / (22.1 KB). Loaded Objects now: 3568.
Memory consumption went from 112.5 MB to 112.5 MB.
Total: 2.808100 ms (FindLiveObjects: 0.376000 ms CreateObjectMapping: 0.089000 ms MarkObjects: 2.300500 ms  DeleteObjects: 0.041900 ms)

AssetImportParameters requested are different than current active one (requested -> active):
  custom:video-decoder-ogg-theora: a1e56fd34408186e4bbccfd4996cb3dc -> 
  custom:container-muxer-webm: aa71ff27fc2769a1b78a27578f13a17b -> 
  custom:container-demuxer-webm: 4f35f7cbe854078d1ac9338744f61a02 -> 
  custom:video-encoder-webm-vp8: eb34c28f22e8b96e1ab97ce403110664 -> 
  custom:audio-encoder-webm-vorbis: bf7c407c2cedff20999df2af8eb42d56 -> 
  custom:framework-win-MediaFoundation: 216162199b28c13a410421893ffa2e32 -> 
  custom:container-demuxer-ogg: 62fdf1f143b41e24485cea50d1cbac27 -> 
  custom:video-decoder-webm-vp8: 9c59270c3fd7afecdb556c50c9e8de78 -> 
  custom:audio-decoder-ogg-vorbis: bf7c407c2cedff20999df2af8eb42d56 -> 
========================================================================
Received Prepare
Registering precompiled user dll's ...
Registered in 0.008386 seconds.
Begin MonoManager ReloadAssembly
Symbol file LoadedFromMemory doesn't match image F:\UnityProjects\VFXTutorial\Library\PackageCache\com.unity.visualscripting@1.8.0\Editor\VisualScripting.Core\Dependencies\YamlDotNet\Unity.VisualScripting.YamlDotNet.dll
Symbol file LoadedFromMemory doesn't match image F:\UnityProjects\VFXTutorial\Library\PackageCache\com.unity.visualscripting@1.8.0\Editor\VisualScripting.Core\Dependencies\DotNetZip\Unity.VisualScripting.IonicZip.dll
Native extension for WindowsStandalone target not found
Refreshing native plugins compatible for Editor in 0.68 ms, found 3 plugins.
Preloading 0 native plugins for Editor in 0.00 ms.
Mono: successfully reloaded assembly
- Completed reload, in  1.136 seconds
Domain Reload Profiling:
	ReloadAssembly (1137ms)
		BeginReloadAssembly (171ms)
			ExecutionOrderSort (0ms)
			DisableScriptedObjects (7ms)
			BackupInstance (0ms)
			ReleaseScriptingObjects (0ms)
			CreateAndSetChildDomain (41ms)
		EndReloadAssembly (849ms)
			LoadAssemblies (109ms)
			RebuildTransferFunctionScriptingTraits (0ms)
			SetupTypeCache (298ms)
			ReleaseScriptCaches (1ms)
			RebuildScriptCaches (47ms)
			SetupLoadedEditorAssemblies (351ms)
				LogAssemblyErrors (0ms)
				InitializePlatformSupportModulesInManaged (8ms)
				SetLoadedEditorAssemblies (1ms)
				RefreshPlugins (1ms)
				BeforeProcessingInitializeOnLoad (81ms)
				ProcessInitializeOnLoadAttributes (221ms)
				ProcessInitializeOnLoadMethodAttributes (24ms)
				AfterProcessingInitializeOnLoad (16ms)
				EditorAssembliesLoaded (0ms)
			ExecutionOrderSort2 (0ms)
			AwakeInstancesAfterBackupRestoration (8ms)
Platform modules already initialized, skipping
Refreshing native plugins compatible for Editor in 2.41 ms, found 3 plugins.
Preloading 0 native plugins for Editor in 0.00 ms.
Unloading 3044 Unused Serialized files (Serialized files now loaded: 0)
Unloading 15 unused Assets / (22.0 KB). Loaded Objects now: 3571.
Memory consumption went from 112.5 MB to 112.5 MB.
Total: 3.045500 ms (FindLiveObjects: 0.366000 ms CreateObjectMapping: 0.112300 ms MarkObjects: 2.537700 ms  DeleteObjects: 0.027500 ms)

AssetImportParameters requested are different than current active one (requested -> active):
  custom:video-decoder-ogg-theora: a1e56fd34408186e4bbccfd4996cb3dc -> 
  custom:container-muxer-webm: aa71ff27fc2769a1b78a27578f13a17b -> 
  custom:container-demuxer-webm: 4f35f7cbe854078d1ac9338744f61a02 -> 
  custom:video-encoder-webm-vp8: eb34c28f22e8b96e1ab97ce403110664 -> 
  custom:audio-encoder-webm-vorbis: bf7c407c2cedff20999df2af8eb42d56 -> 
  custom:framework-win-MediaFoundation: 216162199b28c13a410421893ffa2e32 -> 
  custom:container-demuxer-ogg: 62fdf1f143b41e24485cea50d1cbac27 -> 
  custom:video-decoder-webm-vp8: 9c59270c3fd7afecdb556c50c9e8de78 -> 
  custom:audio-decoder-ogg-vorbis: bf7c407c2cedff20999df2af8eb42d56 -> 
========================================================================
Received Prepare
Registering precompiled user dll's ...
Registered in 0.008910 seconds.
Begin MonoManager ReloadAssembly
Symbol file LoadedFromMemory doesn't match image F:\UnityProjects\VFXTutorial\Library\PackageCache\com.unity.visualscripting@1.8.0\Editor\VisualScripting.Core\Dependencies\YamlDotNet\Unity.VisualScripting.YamlDotNet.dll
Symbol file LoadedFromMemory doesn't match image F:\UnityProjects\VFXTutorial\Library\PackageCache\com.unity.visualscripting@1.8.0\Editor\VisualScripting.Core\Dependencies\DotNetZip\Unity.VisualScripting.IonicZip.dll
Native extension for WindowsStandalone target not found
Refreshing native plugins compatible for Editor in 0.54 ms, found 3 plugins.
Preloading 0 native plugins for Editor in 0.00 ms.
Mono: successfully reloaded assembly
- Completed reload, in  1.113 seconds
Domain Reload Profiling:
	ReloadAssembly (1114ms)
		BeginReloadAssembly (162ms)
			ExecutionOrderSort (0ms)
			DisableScriptedObjects (7ms)
			BackupInstance (0ms)
			ReleaseScriptingObjects (0ms)
			CreateAndSetChildDomain (33ms)
		EndReloadAssembly (837ms)
			LoadAssemblies (115ms)
			RebuildTransferFunctionScriptingTraits (0ms)
			SetupTypeCache (292ms)
			ReleaseScriptCaches (1ms)
			RebuildScriptCaches (46ms)
			SetupLoadedEditorAssemblies (344ms)
				LogAssemblyErrors (0ms)
				InitializePlatformSupportModulesInManaged (7ms)
				SetLoadedEditorAssemblies (1ms)
				RefreshPlugins (1ms)
				BeforeProcessingInitializeOnLoad (78ms)
				ProcessInitializeOnLoadAttributes (219ms)
				ProcessInitializeOnLoadMethodAttributes (23ms)
				AfterProcessingInitializeOnLoad (15ms)
				EditorAssembliesLoaded (0ms)
			ExecutionOrderSort2 (0ms)
			AwakeInstancesAfterBackupRestoration (8ms)
Platform modules already initialized, skipping
Refreshing native plugins compatible for Editor in 2.10 ms, found 3 plugins.
Preloading 0 native plugins for Editor in 0.00 ms.
Unloading 3044 Unused Serialized files (Serialized files now loaded: 0)
Unloading 15 unused Assets / (22.0 KB). Loaded Objects now: 3574.
Memory consumption went from 112.6 MB to 112.5 MB.
Total: 2.703400 ms (FindLiveObjects: 0.360600 ms CreateObjectMapping: 0.083800 ms MarkObjects: 2.234900 ms  DeleteObjects: 0.022800 ms)

AssetImportParameters requested are different than current active one (requested -> active):
  custom:video-decoder-ogg-theora: a1e56fd34408186e4bbccfd4996cb3dc -> 
  custom:container-muxer-webm: aa71ff27fc2769a1b78a27578f13a17b -> 
  custom:container-demuxer-webm: 4f35f7cbe854078d1ac9338744f61a02 -> 
  custom:video-encoder-webm-vp8: eb34c28f22e8b96e1ab97ce403110664 -> 
  custom:audio-encoder-webm-vorbis: bf7c407c2cedff20999df2af8eb42d56 -> 
  custom:framework-win-MediaFoundation: 216162199b28c13a410421893ffa2e32 -> 
  custom:container-demuxer-ogg: 62fdf1f143b41e24485cea50d1cbac27 -> 
  custom:video-decoder-webm-vp8: 9c59270c3fd7afecdb556c50c9e8de78 -> 
  custom:audio-decoder-ogg-vorbis: bf7c407c2cedff20999df2af8eb42d56 -> 
========================================================================
Received Prepare
Registering precompiled user dll's ...
Registered in 0.008594 seconds.
Begin MonoManager ReloadAssembly
Symbol file LoadedFromMemory doesn't match image F:\UnityProjects\VFXTutorial\Library\PackageCache\com.unity.visualscripting@1.8.0\Editor\VisualScripting.Core\Dependencies\YamlDotNet\Unity.VisualScripting.YamlDotNet.dll
Symbol file LoadedFromMemory doesn't match image F:\UnityProjects\VFXTutorial\Library\PackageCache\com.unity.visualscripting@1.8.0\Editor\VisualScripting.Core\Dependencies\DotNetZip\Unity.VisualScripting.IonicZip.dll
Native extension for WindowsStandalone target not found
Refreshing native plugins compatible for Editor in 0.53 ms, found 3 plugins.
Preloading 0 native plugins for Editor in 0.00 ms.
Mono: successfully reloaded assembly
- Completed reload, in  1.083 seconds
Domain Reload Profiling:
	ReloadAssembly (1084ms)
		BeginReloadAssembly (145ms)
			ExecutionOrderSort (0ms)
			DisableScriptedObjects (7ms)
			BackupInstance (0ms)
			ReleaseScriptingObjects (0ms)
			CreateAndSetChildDomain (29ms)
		EndReloadAssembly (826ms)
			LoadAssemblies (94ms)
			RebuildTransferFunctionScriptingTraits (0ms)
			SetupTypeCache (285ms)
			ReleaseScriptCaches (1ms)
			RebuildScriptCaches (58ms)
			SetupLoadedEditorAssemblies (340ms)
				LogAssemblyErrors (0ms)
				InitializePlatformSupportModulesInManaged (7ms)
				SetLoadedEditorAssemblies (1ms)
				RefreshPlugins (1ms)
				BeforeProcessingInitializeOnLoad (79ms)
				ProcessInitializeOnLoadAttributes (213ms)
				ProcessInitializeOnLoadMethodAttributes (23ms)
				AfterProcessingInitializeOnLoad (16ms)
				EditorAssembliesLoaded (0ms)
			ExecutionOrderSort2 (0ms)
			AwakeInstancesAfterBackupRestoration (8ms)
Platform modules already initialized, skipping
Refreshing native plugins compatible for Editor in 1.82 ms, found 3 plugins.
Preloading 0 native plugins for Editor in 0.00 ms.
Unloading 3044 Unused Serialized files (Serialized files now loaded: 0)
Unloading 15 unused Assets / (22.0 KB). Loaded Objects now: 3577.
Memory consumption went from 112.6 MB to 112.5 MB.
Total: 2.751100 ms (FindLiveObjects: 0.378100 ms CreateObjectMapping: 0.088100 ms MarkObjects: 2.262000 ms  DeleteObjects: 0.021900 ms)

AssetImportParameters requested are different than current active one (requested -> active):
  custom:video-decoder-ogg-theora: a1e56fd34408186e4bbccfd4996cb3dc -> 
  custom:container-muxer-webm: aa71ff27fc2769a1b78a27578f13a17b -> 
  custom:container-demuxer-webm: 4f35f7cbe854078d1ac9338744f61a02 -> 
  custom:video-encoder-webm-vp8: eb34c28f22e8b96e1ab97ce403110664 -> 
  custom:audio-encoder-webm-vorbis: bf7c407c2cedff20999df2af8eb42d56 -> 
  custom:framework-win-MediaFoundation: 216162199b28c13a410421893ffa2e32 -> 
  custom:container-demuxer-ogg: 62fdf1f143b41e24485cea50d1cbac27 -> 
  custom:video-decoder-webm-vp8: 9c59270c3fd7afecdb556c50c9e8de78 -> 
  custom:audio-decoder-ogg-vorbis: bf7c407c2cedff20999df2af8eb42d56 -> 
