Using pre-set license
Built from '2021.3/china_unity/release' branch; Version is '2021.3.27f1c1 (2776fa9c5d2b) revision 2586362'; Using compiler version '192829333'; Build Type 'Release'
OS: 'Windows 10  (10.0.19045) 64bit Professional' Language: 'zh' Physical Memory: 32581 MB
BatchMode: 1, IsHumanControllingUs: 0, StartBugReporterOnCrash: 0, Is64bit: 1, IsPro: 1

COMMAND LINE ARGUMENTS:
C:\Program Files\Unity\Hub\Editor\2021.3.27f1c1\Editor\Unity.exe
-adb2
-batchMode
-noUpm
-name
AssetImportWorker0
-projectPath
F:/UnityProjects/VFX
-logFile
Logs/AssetImportWorker0.log
-srvPort
7166
Successfully changed project path to: F:/UnityProjects/VFX
F:/UnityProjects/VFX
[UnityMemory] Configuration Parameters - Can be set up in boot.config
    "memorysetup-bucket-allocator-granularity=16"
    "memorysetup-bucket-allocator-bucket-count=8"
    "memorysetup-bucket-allocator-block-size=33554432"
    "memorysetup-bucket-allocator-block-count=8"
    "memorysetup-main-allocator-block-size=16777216"
    "memorysetup-thread-allocator-block-size=16777216"
    "memorysetup-gfx-main-allocator-block-size=16777216"
    "memorysetup-gfx-thread-allocator-block-size=16777216"
    "memorysetup-cache-allocator-block-size=4194304"
    "memorysetup-typetree-allocator-block-size=2097152"
    "memorysetup-profiler-bucket-allocator-granularity=16"
    "memorysetup-profiler-bucket-allocator-bucket-count=8"
    "memorysetup-profiler-bucket-allocator-block-size=33554432"
    "memorysetup-profiler-bucket-allocator-block-count=8"
    "memorysetup-profiler-allocator-block-size=16777216"
    "memorysetup-profiler-editor-allocator-block-size=1048576"
    "memorysetup-temp-allocator-size-main=16777216"
    "memorysetup-job-temp-allocator-block-size=2097152"
    "memorysetup-job-temp-allocator-block-size-background=1048576"
    "memorysetup-job-temp-allocator-reduction-small-platforms=262144"
    "memorysetup-temp-allocator-size-background-worker=32768"
    "memorysetup-temp-allocator-size-job-worker=262144"
    "memorysetup-temp-allocator-size-preload-manager=33554432"
    "memorysetup-temp-allocator-size-nav-mesh-worker=65536"
    "memorysetup-temp-allocator-size-audio-worker=65536"
    "memorysetup-temp-allocator-size-cloud-worker=32768"
    "memorysetup-temp-allocator-size-gi-baking-worker=262144"
    "memorysetup-temp-allocator-size-gfx=262144"
Player connection [1960] Host "[IP] 192.168.0.107 [Port] 0 [Flags] 2 [Guid] 3969494975 [EditorId] 3969494975 [Version] 1048832 [Id] WindowsEditor(7,DESKTOP-JNUEP2Q) [Debug] 1 [PackageName] WindowsEditor [ProjectName] Editor" joined multi-casting on [225.0.0.222:54997]...

Player connection [1960] Host "[IP] 192.168.0.107 [Port] 0 [Flags] 2 [Guid] 3969494975 [EditorId] 3969494975 [Version] 1048832 [Id] WindowsEditor(7,DESKTOP-JNUEP2Q) [Debug] 1 [PackageName] WindowsEditor [ProjectName] Editor" joined alternative multi-casting on [225.0.0.222:34997]...

AS: AutoStreaming module initializing.
Refreshing native plugins compatible for Editor in 83.82 ms, found 3 plugins.
Preloading 0 native plugins for Editor in 0.00 ms.
Initialize engine version: 2021.3.27f1c1 (2776fa9c5d2b)
[Subsystems] Discovering subsystems at path C:/Program Files/Unity/Hub/Editor/2021.3.27f1c1/Editor/Data/Resources/UnitySubsystems
[Subsystems] Discovering subsystems at path F:/UnityProjects/VFX/Assets
GfxDevice: creating device client; threaded=0; jobified=0
Direct3D:
    Version:  Direct3D 11.0 [level 11.1]
    Renderer: NVIDIA GeForce RTX 3060 Ti (ID=0x24c9)
    Vendor:   NVIDIA
    VRAM:     8038 MB
    Driver:   31.0.15.3179
Initialize mono
Mono path[0] = 'C:/Program Files/Unity/Hub/Editor/2021.3.27f1c1/Editor/Data/Managed'
Mono path[1] = 'C:/Program Files/Unity/Hub/Editor/2021.3.27f1c1/Editor/Data/MonoBleedingEdge/lib/mono/unityjit-win32'
Mono config path = 'C:/Program Files/Unity/Hub/Editor/2021.3.27f1c1/Editor/Data/MonoBleedingEdge/etc'
Using monoOptions --debugger-agent=transport=dt_socket,embedding=1,server=y,suspend=n,address=127.0.0.1:56768
Begin MonoManager ReloadAssembly
Registering precompiled unity dll's ...
Register platform support module: C:/Program Files/Unity/Hub/Editor/2021.3.27f1c1/Editor/Data/PlaybackEngines/WindowsStandaloneSupport/UnityEditor.WindowsStandalone.Extensions.dll
Registered in 0.008315 seconds.
Native extension for WindowsStandalone target not found
Refreshing native plugins compatible for Editor in 85.58 ms, found 3 plugins.
Preloading 0 native plugins for Editor in 0.00 ms.
Mono: successfully reloaded assembly
- Completed reload, in  0.725 seconds
Domain Reload Profiling:
	ReloadAssembly (725ms)
		BeginReloadAssembly (102ms)
			ExecutionOrderSort (0ms)
			DisableScriptedObjects (0ms)
			BackupInstance (0ms)
			ReleaseScriptingObjects (0ms)
			CreateAndSetChildDomain (1ms)
		EndReloadAssembly (501ms)
			LoadAssemblies (97ms)
			RebuildTransferFunctionScriptingTraits (0ms)
			SetupTypeCache (113ms)
			ReleaseScriptCaches (0ms)
			RebuildScriptCaches (32ms)
			SetupLoadedEditorAssemblies (292ms)
				LogAssemblyErrors (0ms)
				InitializePlatformSupportModulesInManaged (10ms)
				SetLoadedEditorAssemblies (0ms)
				RefreshPlugins (86ms)
				BeforeProcessingInitializeOnLoad (1ms)
				ProcessInitializeOnLoadAttributes (141ms)
				ProcessInitializeOnLoadMethodAttributes (54ms)
				AfterProcessingInitializeOnLoad (0ms)
				EditorAssembliesLoaded (0ms)
			ExecutionOrderSort2 (0ms)
			AwakeInstancesAfterBackupRestoration (0ms)
Platform modules already initialized, skipping
Registering precompiled user dll's ...
Registered in 0.007874 seconds.
Begin MonoManager ReloadAssembly
Symbol file LoadedFromMemory doesn't match image F:\UnityProjects\VFX\Library\PackageCache\com.unity.visualscripting@1.8.0\Editor\VisualScripting.Core\Dependencies\YamlDotNet\Unity.VisualScripting.YamlDotNet.dll
Symbol file LoadedFromMemory doesn't match image F:\UnityProjects\VFX\Library\PackageCache\com.unity.visualscripting@1.8.0\Editor\VisualScripting.Core\Dependencies\DotNetZip\Unity.VisualScripting.IonicZip.dll
Native extension for WindowsStandalone target not found
Refreshing native plugins compatible for Editor in 0.50 ms, found 3 plugins.
Preloading 0 native plugins for Editor in 0.00 ms.
Mono: successfully reloaded assembly
- Completed reload, in  1.137 seconds
Domain Reload Profiling:
	ReloadAssembly (1138ms)
		BeginReloadAssembly (141ms)
			ExecutionOrderSort (0ms)
			DisableScriptedObjects (7ms)
			BackupInstance (0ms)
			ReleaseScriptingObjects (0ms)
			CreateAndSetChildDomain (19ms)
		EndReloadAssembly (863ms)
			LoadAssemblies (103ms)
			RebuildTransferFunctionScriptingTraits (0ms)
			SetupTypeCache (287ms)
			ReleaseScriptCaches (0ms)
			RebuildScriptCaches (54ms)
			SetupLoadedEditorAssemblies (385ms)
				LogAssemblyErrors (0ms)
				InitializePlatformSupportModulesInManaged (7ms)
				SetLoadedEditorAssemblies (1ms)
				RefreshPlugins (1ms)
				BeforeProcessingInitializeOnLoad (96ms)
				ProcessInitializeOnLoadAttributes (241ms)
				ProcessInitializeOnLoadMethodAttributes (24ms)
				AfterProcessingInitializeOnLoad (15ms)
				EditorAssembliesLoaded (0ms)
			ExecutionOrderSort2 (0ms)
			AwakeInstancesAfterBackupRestoration (8ms)
Platform modules already initialized, skipping
========================================================================
Worker process is ready to serve import requests
Launched and connected shader compiler UnityShaderCompiler.exe after 0.04 seconds
Refreshing native plugins compatible for Editor in 0.64 ms, found 3 plugins.
Preloading 0 native plugins for Editor in 0.00 ms.
Unloading 3055 Unused Serialized files (Serialized files now loaded: 0)
Unloading 22 unused Assets / (46.3 KB). Loaded Objects now: 3522.
Memory consumption went from 108.8 MB to 108.7 MB.
Total: 1.832000 ms (FindLiveObjects: 0.149200 ms CreateObjectMapping: 0.060500 ms MarkObjects: 1.569300 ms  DeleteObjects: 0.052200 ms)

AssetImportParameters requested are different than current active one (requested -> active):
  custom:video-decoder-ogg-theora: a1e56fd34408186e4bbccfd4996cb3dc -> 
  custom:container-muxer-webm: aa71ff27fc2769a1b78a27578f13a17b -> 
  custom:container-demuxer-webm: 4f35f7cbe854078d1ac9338744f61a02 -> 
  custom:video-encoder-webm-vp8: eb34c28f22e8b96e1ab97ce403110664 -> 
  custom:audio-encoder-webm-vorbis: bf7c407c2cedff20999df2af8eb42d56 -> 
  custom:framework-win-MediaFoundation: 216162199b28c13a410421893ffa2e32 -> 
  custom:container-demuxer-ogg: 62fdf1f143b41e24485cea50d1cbac27 -> 
  custom:video-decoder-webm-vp8: 9c59270c3fd7afecdb556c50c9e8de78 -> 
  custom:audio-decoder-ogg-vorbis: bf7c407c2cedff20999df2af8eb42d56 -> 
========================================================================
Received Import Request.
  Time since last request: 1728358.374910 seconds.
  path: Assets/Textures/4KnifeLight
  artifactKey: Guid(7fc55aafdd9d72d4ba9448d5697f8e30) Importer(815301076,1909f56bfc062723c751e8b465ee728b)
Start importing Assets/Textures/4KnifeLight using Guid(7fc55aafdd9d72d4ba9448d5697f8e30) Importer(815301076,1909f56bfc062723c751e8b465ee728b)  -> (artifact id: '873c73c0c99be168121996401f4bb526') in 0.009715 seconds 
========================================================================
Received Import Request.
  Time since last request: 0.000021 seconds.
  path: Assets/Textures/4KnifeLight/VFX_X077_1x8_Knife light_A.png
  artifactKey: Guid(38a411d90a8682e4894e90c387026b66) Importer(815301076,1909f56bfc062723c751e8b465ee728b)
Start importing Assets/Textures/4KnifeLight/VFX_X077_1x8_Knife light_A.png using Guid(38a411d90a8682e4894e90c387026b66) Importer(815301076,1909f56bfc062723c751e8b465ee728b)  -> (artifact id: 'e5b3fefab9cb5822dcb8a77bbc2f0782') in 0.059083 seconds 
========================================================================
Received Import Request.
  Time since last request: 5.288620 seconds.
  path: Assets/Textures/4KnifeLight/VFX_Shine046.png
  artifactKey: Guid(99e901446ac7c5e4fad3663d81471c52) Importer(815301076,1909f56bfc062723c751e8b465ee728b)
Start importing Assets/Textures/4KnifeLight/VFX_Shine046.png using Guid(99e901446ac7c5e4fad3663d81471c52) Importer(815301076,1909f56bfc062723c751e8b465ee728b)  -> (artifact id: '408dbbd1eb7837ac23c123aa67768915') in 0.033887 seconds 
========================================================================
Received Import Request.
  Time since last request: 43.293189 seconds.
  path: Assets/Textures/4KnifeLight/VFX_Trail020_Clamp.tga
  artifactKey: Guid(257de5ab548a1984880be171e403e4f7) Importer(815301076,1909f56bfc062723c751e8b465ee728b)
Start importing Assets/Textures/4KnifeLight/VFX_Trail020_Clamp.tga using Guid(257de5ab548a1984880be171e403e4f7) Importer(815301076,1909f56bfc062723c751e8b465ee728b)  -> (artifact id: '514d875b2377cda2cfd916087d727763') in 0.037286 seconds 
========================================================================
Received Import Request.
  Time since last request: 613.864388 seconds.
  path: Assets/Models/KnifeLight.fbx
  artifactKey: Guid(4cadba943f2463c4f8e437460ecfd754) Importer(815301076,1909f56bfc062723c751e8b465ee728b)
Start importing Assets/Models/KnifeLight.fbx using Guid(4cadba943f2463c4f8e437460ecfd754) Importer(815301076,1909f56bfc062723c751e8b465ee728b)  -> (artifact id: '4a1355949e920d5f9acdb5baa3b6fca8') in 0.161690 seconds 
========================================================================
Received Import Request.
  Time since last request: 10.580132 seconds.
  path: Assets/Models/KnifeLight.fbx
  artifactKey: Guid(4cadba943f2463c4f8e437460ecfd754) Importer(815301076,1909f56bfc062723c751e8b465ee728b)
Start importing Assets/Models/KnifeLight.fbx using Guid(4cadba943f2463c4f8e437460ecfd754) Importer(815301076,1909f56bfc062723c751e8b465ee728b)  -> (artifact id: '4baf3cf37716747e26fa95cd751342c0') in 0.019367 seconds 
========================================================================
Received Import Request.
  Time since last request: 13.725144 seconds.
  path: Assets/Models/KnifeLight.fbx
  artifactKey: Guid(4cadba943f2463c4f8e437460ecfd754) Importer(815301076,1909f56bfc062723c751e8b465ee728b)
Start importing Assets/Models/KnifeLight.fbx using Guid(4cadba943f2463c4f8e437460ecfd754) Importer(815301076,1909f56bfc062723c751e8b465ee728b)  -> (artifact id: '982e154d07b8b9ff92a29a6d977ce4c2') in 0.027737 seconds 
========================================================================
Received Import Request.
  Time since last request: 5.878482 seconds.
  path: Assets/Models/KnifeLight.fbx
  artifactKey: Guid(4cadba943f2463c4f8e437460ecfd754) Importer(815301076,1909f56bfc062723c751e8b465ee728b)
Start importing Assets/Models/KnifeLight.fbx using Guid(4cadba943f2463c4f8e437460ecfd754) Importer(815301076,1909f56bfc062723c751e8b465ee728b)  -> (artifact id: '73dddf151892e02c3d75cb3b417f4ae4') in 0.018478 seconds 
========================================================================
Received Import Request.
  Time since last request: 79.808849 seconds.
  path: Assets/Materials/4KnifeLight
  artifactKey: Guid(2f4cd572b766dfc4c8cd5db77b19a8ba) Importer(815301076,1909f56bfc062723c751e8b465ee728b)
Start importing Assets/Materials/4KnifeLight using Guid(2f4cd572b766dfc4c8cd5db77b19a8ba) Importer(815301076,1909f56bfc062723c751e8b465ee728b)  -> (artifact id: 'cffcc2cd213f25571eb248ceea9adcc0') in 0.002524 seconds 
========================================================================
Received Import Request.
  Time since last request: 9.602882 seconds.
  path: Assets/Materials/4KnifeLight/KnifeLight.mat
  artifactKey: Guid(e112d6450ab4501459f1e66a59f23484) Importer(815301076,1909f56bfc062723c751e8b465ee728b)
Start importing Assets/Materials/4KnifeLight/KnifeLight.mat using Guid(e112d6450ab4501459f1e66a59f23484) Importer(815301076,1909f56bfc062723c751e8b465ee728b)  -> (artifact id: '492ddb165b108a9c09b7f219abbdac83') in 0.013130 seconds 
========================================================================
Received Import Request.
  Time since last request: 60.383127 seconds.
  path: Packages/com.unity.ide.rider/package.json
  artifactKey: Guid(66c95bb3c74257f41bae2622511dc02d) Importer(815301076,1909f56bfc062723c751e8b465ee728b)
Start importing Packages/com.unity.ide.rider/package.json using Guid(66c95bb3c74257f41bae2622511dc02d) Importer(815301076,1909f56bfc062723c751e8b465ee728b)  -> (artifact id: '46ea55fd9cff27eb13443556f55cf08c') in 0.016590 seconds 
========================================================================
Received Import Request.
  Time since last request: 19.406392 seconds.
  path: Assets/Models/KnifeLight.fbx
  artifactKey: Guid(4cadba943f2463c4f8e437460ecfd754) Importer(815301076,1909f56bfc062723c751e8b465ee728b)
Start importing Assets/Models/KnifeLight.fbx using Guid(4cadba943f2463c4f8e437460ecfd754) Importer(815301076,1909f56bfc062723c751e8b465ee728b)  -> (artifact id: 'fab2380a3a7b9cfc35f3f05829900d78') in 0.019267 seconds 
========================================================================
Received Import Request.
  Time since last request: 33.118771 seconds.
  path: Assets/Models/KnifeLight.fbx
  artifactKey: Guid(4cadba943f2463c4f8e437460ecfd754) Importer(815301076,1909f56bfc062723c751e8b465ee728b)
Start importing Assets/Models/KnifeLight.fbx using Guid(4cadba943f2463c4f8e437460ecfd754) Importer(815301076,1909f56bfc062723c751e8b465ee728b)  -> (artifact id: 'ac3073dbb613095ec0ab14e2d8740c2c') in 0.024889 seconds 
========================================================================
Received Import Request.
  Time since last request: 394.025565 seconds.
  path: Assets/Models/KnifeLight1.fbx
  artifactKey: Guid(363833f53a5b0074fbcf4737118d8071) Importer(815301076,1909f56bfc062723c751e8b465ee728b)
Start importing Assets/Models/KnifeLight1.fbx using Guid(363833f53a5b0074fbcf4737118d8071) Importer(815301076,1909f56bfc062723c751e8b465ee728b)  -> (artifact id: '81a4aa3d8bc405c455879bfb6c95d05c') in 0.022777 seconds 
========================================================================
Received Import Request.
  Time since last request: 10.490232 seconds.
  path: Assets/Models/KnifeLight1.fbx
  artifactKey: Guid(363833f53a5b0074fbcf4737118d8071) Importer(815301076,1909f56bfc062723c751e8b465ee728b)
Start importing Assets/Models/KnifeLight1.fbx using Guid(363833f53a5b0074fbcf4737118d8071) Importer(815301076,1909f56bfc062723c751e8b465ee728b)  -> (artifact id: '66fdfae241708b0596c34dff520ceeeb') in 0.019034 seconds 
========================================================================
Received Import Request.
  Time since last request: 112.040639 seconds.
  path: Assets/Models/KnifeLight1.fbx
  artifactKey: Guid(363833f53a5b0074fbcf4737118d8071) Importer(815301076,1909f56bfc062723c751e8b465ee728b)
Start importing Assets/Models/KnifeLight1.fbx using Guid(363833f53a5b0074fbcf4737118d8071) Importer(815301076,1909f56bfc062723c751e8b465ee728b)  -> (artifact id: 'c92bd87216f8fe4b6c26b26b3c54b3e9') in 0.012316 seconds 
========================================================================
Received Import Request.
  Time since last request: 310.026562 seconds.
  path: Assets/Models/KnifeLight1.fbx
  artifactKey: Guid(363833f53a5b0074fbcf4737118d8071) Importer(815301076,1909f56bfc062723c751e8b465ee728b)
Start importing Assets/Models/KnifeLight1.fbx using Guid(363833f53a5b0074fbcf4737118d8071) Importer(815301076,1909f56bfc062723c751e8b465ee728b)  -> (artifact id: '19963d78c4a08686956e9ee4646ba8a6') in 0.024549 seconds 
========================================================================
Received Import Request.
  Time since last request: 438.929564 seconds.
  path: Assets/Models/KnifeLight1.fbx
  artifactKey: Guid(363833f53a5b0074fbcf4737118d8071) Importer(815301076,1909f56bfc062723c751e8b465ee728b)
Start importing Assets/Models/KnifeLight1.fbx using Guid(363833f53a5b0074fbcf4737118d8071) Importer(815301076,1909f56bfc062723c751e8b465ee728b)  -> (artifact id: '434a8504e05d1432600f8327016546e3') in 0.099726 seconds 
========================================================================
Received Import Request.
  Time since last request: 8937.774535 seconds.
  path: Assets/Textures/4KnifeLight/UGC_VFX_Shine004_Clamp_A.png
  artifactKey: Guid(451e7c2438b56f441b8dbbd8ed475698) Importer(815301076,1909f56bfc062723c751e8b465ee728b)
Start importing Assets/Textures/4KnifeLight/UGC_VFX_Shine004_Clamp_A.png using Guid(451e7c2438b56f441b8dbbd8ed475698) Importer(815301076,1909f56bfc062723c751e8b465ee728b)  -> (artifact id: 'd6f83b7a0ddb69eb79cb3a181b6c944d') in 0.017398 seconds 
========================================================================
Received Import Request.
  Time since last request: 5.610065 seconds.
  path: Assets/Materials/4KnifeLight/KnifeLight 1.mat
  artifactKey: Guid(8105cd169774c144b840dfd48227ccdd) Importer(815301076,1909f56bfc062723c751e8b465ee728b)
Start importing Assets/Materials/4KnifeLight/KnifeLight 1.mat using Guid(8105cd169774c144b840dfd48227ccdd) Importer(815301076,1909f56bfc062723c751e8b465ee728b)  -> (artifact id: 'b37fb7200250db687fe0de70fab07995') in 0.020418 seconds 
========================================================================
Received Import Request.
  Time since last request: 6.495594 seconds.
  path: Assets/Materials/4KnifeLight/KnifeLight_002.mat
  artifactKey: Guid(8105cd169774c144b840dfd48227ccdd) Importer(815301076,1909f56bfc062723c751e8b465ee728b)
Start importing Assets/Materials/4KnifeLight/KnifeLight_002.mat using Guid(8105cd169774c144b840dfd48227ccdd) Importer(815301076,1909f56bfc062723c751e8b465ee728b)  -> (artifact id: '62cfbb594fe25f63d5213101f5567a70') in 0.017999 seconds 
========================================================================
Received Import Request.
  Time since last request: 3.267877 seconds.
  path: Assets/Materials/4KnifeLight/KnifeLight_001.mat
  artifactKey: Guid(e112d6450ab4501459f1e66a59f23484) Importer(815301076,1909f56bfc062723c751e8b465ee728b)
Start importing Assets/Materials/4KnifeLight/KnifeLight_001.mat using Guid(e112d6450ab4501459f1e66a59f23484) Importer(815301076,1909f56bfc062723c751e8b465ee728b)  -> (artifact id: 'bba19a284ca7b41727489d5dd3e4b312') in 0.014428 seconds 
========================================================================
Received Import Request.
  Time since last request: 146.386937 seconds.
  path: Assets/Materials/4KnifeLight/KnifeLight_002 1.mat
  artifactKey: Guid(2206ebcae75a17f4ea320b57dac655f1) Importer(815301076,1909f56bfc062723c751e8b465ee728b)
Start importing Assets/Materials/4KnifeLight/KnifeLight_002 1.mat using Guid(2206ebcae75a17f4ea320b57dac655f1) Importer(815301076,1909f56bfc062723c751e8b465ee728b)  -> (artifact id: '5cbe50506c7bd07cd31e4bcd9517b228') in 0.017779 seconds 
========================================================================
Received Import Request.
  Time since last request: 3.048096 seconds.
  path: Assets/Materials/4KnifeLight/KnifeLight_003.mat
  artifactKey: Guid(2206ebcae75a17f4ea320b57dac655f1) Importer(815301076,1909f56bfc062723c751e8b465ee728b)
Start importing Assets/Materials/4KnifeLight/KnifeLight_003.mat using Guid(2206ebcae75a17f4ea320b57dac655f1) Importer(815301076,1909f56bfc062723c751e8b465ee728b)  -> (artifact id: '25705b07beaf16d8060e46617a94ca8c') in 0.014222 seconds 
========================================================================
Received Import Request.
  Time since last request: 116.055613 seconds.
  path: Assets/Textures/4KnifeLight/VFX_Trail020.tga
  artifactKey: Guid(851c564fc78fcec4fa5edafe0115aefe) Importer(815301076,1909f56bfc062723c751e8b465ee728b)
Start importing Assets/Textures/4KnifeLight/VFX_Trail020.tga using Guid(851c564fc78fcec4fa5edafe0115aefe) Importer(815301076,1909f56bfc062723c751e8b465ee728b)  -> (artifact id: '0b88909b4bf6f2e40d6ff2254e986e2e') in 0.011246 seconds 
========================================================================
Received Import Request.
  Time since last request: 222.108214 seconds.
  path: Assets/Textures/4KnifeLight/VFX_Trail020.tga
  artifactKey: Guid(851c564fc78fcec4fa5edafe0115aefe) Importer(815301076,1909f56bfc062723c751e8b465ee728b)
Start importing Assets/Textures/4KnifeLight/VFX_Trail020.tga using Guid(851c564fc78fcec4fa5edafe0115aefe) Importer(815301076,1909f56bfc062723c751e8b465ee728b)  -> (artifact id: 'd9cdbf00859cf0c2a0c809b43720fd7f') in 0.014654 seconds 
========================================================================
Received Import Request.
  Time since last request: 31.671864 seconds.
  path: Assets/Textures/4KnifeLight/VFX_Trail020.tga
  artifactKey: Guid(851c564fc78fcec4fa5edafe0115aefe) Importer(815301076,1909f56bfc062723c751e8b465ee728b)
Start importing Assets/Textures/4KnifeLight/VFX_Trail020.tga using Guid(851c564fc78fcec4fa5edafe0115aefe) Importer(815301076,1909f56bfc062723c751e8b465ee728b)  -> (artifact id: '1d9e5bbbbd82396fcc9e18df5f0125c7') in 0.017699 seconds 
========================================================================
Received Import Request.
  Time since last request: 317.462126 seconds.
  path: Assets/Materials/3Lightning/MAT_Glow_2.mat
  artifactKey: Guid(989969569f551024b88c97643a77201a) Importer(815301076,1909f56bfc062723c751e8b465ee728b)
Start importing Assets/Materials/3Lightning/MAT_Glow_2.mat using Guid(989969569f551024b88c97643a77201a) Importer(815301076,1909f56bfc062723c751e8b465ee728b)  -> (artifact id: 'e39a0c43aefae689d3f4ed64e39a1eb1') in 0.038447 seconds 
========================================================================
Received Import Request.
  Time since last request: 12.846647 seconds.
  path: Packages/com.unity.testtools.codecoverage/package.json
  artifactKey: Guid(ba7d60725b0ec604698819352642be89) Importer(815301076,1909f56bfc062723c751e8b465ee728b)
Start importing Packages/com.unity.testtools.codecoverage/package.json using Guid(ba7d60725b0ec604698819352642be89) Importer(815301076,1909f56bfc062723c751e8b465ee728b)  -> (artifact id: '18ee6f5bb8249b29692961783c4c26c0') in 0.028998 seconds 
========================================================================
Received Import Request.
  Time since last request: 24.513766 seconds.
  path: Assets/Textures/4KnifeLight/VFX_Knife light_03_A.png
  artifactKey: Guid(737cf8006a3e86241b53ac30988ba5db) Importer(815301076,1909f56bfc062723c751e8b465ee728b)
Start importing Assets/Textures/4KnifeLight/VFX_Knife light_03_A.png using Guid(737cf8006a3e86241b53ac30988ba5db) Importer(815301076,1909f56bfc062723c751e8b465ee728b)  -> (artifact id: '266e6deb52b831b0c52679cd3d4157f6') in 0.018087 seconds 
========================================================================
Received Import Request.
  Time since last request: 458.768247 seconds.
  path: Assets/Models/KnifeLight1.fbx
  artifactKey: Guid(363833f53a5b0074fbcf4737118d8071) Importer(815301076,1909f56bfc062723c751e8b465ee728b)
Start importing Assets/Models/KnifeLight1.fbx using Guid(363833f53a5b0074fbcf4737118d8071) Importer(815301076,1909f56bfc062723c751e8b465ee728b)  -> (artifact id: 'f95177db6f8dde45b10e4ae4530091c7') in 0.033708 seconds 
========================================================================
Received Import Request.
  Time since last request: 35.226689 seconds.
  path: Assets/Models/KnifeLight1.fbx
  artifactKey: Guid(363833f53a5b0074fbcf4737118d8071) Importer(815301076,1909f56bfc062723c751e8b465ee728b)
Start importing Assets/Models/KnifeLight1.fbx using Guid(363833f53a5b0074fbcf4737118d8071) Importer(815301076,1909f56bfc062723c751e8b465ee728b)  -> (artifact id: '9a4a3b467f6d149b265a7f92fd869c8a') in 0.020244 seconds 
========================================================================
Received Import Request.
  Time since last request: 236.564423 seconds.
  path: Assets/Models/KnifeLight1.fbx
  artifactKey: Guid(363833f53a5b0074fbcf4737118d8071) Importer(815301076,1909f56bfc062723c751e8b465ee728b)
Start importing Assets/Models/KnifeLight1.fbx using Guid(363833f53a5b0074fbcf4737118d8071) Importer(815301076,1909f56bfc062723c751e8b465ee728b)  -> (artifact id: '9fc20724cb941bd08eba5ae61e2892dc') in 0.037708 seconds 
========================================================================
Received Import Request.
  Time since last request: 25.503545 seconds.
  path: Assets/Textures/4KnifeLight/VFX_Knife light_03_A.png
  artifactKey: Guid(737cf8006a3e86241b53ac30988ba5db) Importer(815301076,1909f56bfc062723c751e8b465ee728b)
Start importing Assets/Textures/4KnifeLight/VFX_Knife light_03_A.png using Guid(737cf8006a3e86241b53ac30988ba5db) Importer(815301076,1909f56bfc062723c751e8b465ee728b)  -> (artifact id: '1062a488b63ffa2ed57dfef89b66c511') in 0.014183 seconds 
========================================================================
Received Import Request.
  Time since last request: 58.949299 seconds.
  path: Assets/Models/KnifeLight1.fbx
  artifactKey: Guid(363833f53a5b0074fbcf4737118d8071) Importer(815301076,1909f56bfc062723c751e8b465ee728b)
Start importing Assets/Models/KnifeLight1.fbx using Guid(363833f53a5b0074fbcf4737118d8071) Importer(815301076,1909f56bfc062723c751e8b465ee728b)  -> (artifact id: 'b8b25ce8b0748d100deaef750d2d177b') in 0.026885 seconds 
========================================================================
Received Import Request.
  Time since last request: 90.526301 seconds.
  path: Assets/Models/KnifeLight1.fbx
  artifactKey: Guid(363833f53a5b0074fbcf4737118d8071) Importer(815301076,1909f56bfc062723c751e8b465ee728b)
Start importing Assets/Models/KnifeLight1.fbx using Guid(363833f53a5b0074fbcf4737118d8071) Importer(815301076,1909f56bfc062723c751e8b465ee728b)  -> (artifact id: '3afca23900b9ed7b00e91db08b29e863') in 0.022272 seconds 
========================================================================
Received Import Request.
  Time since last request: 27.997144 seconds.
  path: Assets/Textures/4KnifeLight/VFX_Knife light_03_A.png
  artifactKey: Guid(737cf8006a3e86241b53ac30988ba5db) Importer(815301076,1909f56bfc062723c751e8b465ee728b)
Start importing Assets/Textures/4KnifeLight/VFX_Knife light_03_A.png using Guid(737cf8006a3e86241b53ac30988ba5db) Importer(815301076,1909f56bfc062723c751e8b465ee728b)  -> (artifact id: '5101c1694f19fce976d222affdba3a7c') in 0.013744 seconds 
========================================================================
Received Import Request.
  Time since last request: 5.865181 seconds.
  path: Assets/Textures/4KnifeLight/VFX_Knife light_03_A.png
  artifactKey: Guid(737cf8006a3e86241b53ac30988ba5db) Importer(815301076,1909f56bfc062723c751e8b465ee728b)
Start importing Assets/Textures/4KnifeLight/VFX_Knife light_03_A.png using Guid(737cf8006a3e86241b53ac30988ba5db) Importer(815301076,1909f56bfc062723c751e8b465ee728b)  -> (artifact id: '2fc075a92c82f53afa37fdd602f0947d') in 0.015620 seconds 
========================================================================
Received Import Request.
  Time since last request: 231.962798 seconds.
  path: Assets/Textures/4KnifeLight/VFX_Knife light_03_A.png
  artifactKey: Guid(737cf8006a3e86241b53ac30988ba5db) Importer(815301076,1909f56bfc062723c751e8b465ee728b)
Start importing Assets/Textures/4KnifeLight/VFX_Knife light_03_A.png using Guid(737cf8006a3e86241b53ac30988ba5db) Importer(815301076,1909f56bfc062723c751e8b465ee728b)  -> (artifact id: '3c41b2cd415e22ae330ddc0b5b6ba6e4') in 0.013860 seconds 
========================================================================
Received Import Request.
  Time since last request: 39.069378 seconds.
  path: Assets/Textures/4KnifeLight/VFX_Knife light_03_A.png
  artifactKey: Guid(737cf8006a3e86241b53ac30988ba5db) Importer(815301076,1909f56bfc062723c751e8b465ee728b)
Start importing Assets/Textures/4KnifeLight/VFX_Knife light_03_A.png using Guid(737cf8006a3e86241b53ac30988ba5db) Importer(815301076,1909f56bfc062723c751e8b465ee728b)  -> (artifact id: '9e1f14d507163d24ef2f70b29abaec4a') in 0.016214 seconds 
========================================================================
Received Import Request.
  Time since last request: 75.384584 seconds.
  path: Assets/Textures/4KnifeLight/VFX_X077_1x8_Knife light_A.png
  artifactKey: Guid(38a411d90a8682e4894e90c387026b66) Importer(815301076,1909f56bfc062723c751e8b465ee728b)
Start importing Assets/Textures/4KnifeLight/VFX_X077_1x8_Knife light_A.png using Guid(38a411d90a8682e4894e90c387026b66) Importer(815301076,1909f56bfc062723c751e8b465ee728b)  -> (artifact id: '7eb2702c0117f65578ee580b004deac1') in 0.011237 seconds 
========================================================================
Received Import Request.
  Time since last request: 18.531214 seconds.
  path: Assets/Textures/4KnifeLight/VFX_Trail020_Clamp.tga
  artifactKey: Guid(257de5ab548a1984880be171e403e4f7) Importer(815301076,1909f56bfc062723c751e8b465ee728b)
Start importing Assets/Textures/4KnifeLight/VFX_Trail020_Clamp.tga using Guid(257de5ab548a1984880be171e403e4f7) Importer(815301076,1909f56bfc062723c751e8b465ee728b)  -> (artifact id: '6a835b8cfbd50f32eada5c8cd9ed719c') in 0.017074 seconds 
========================================================================
Received Import Request.
  Time since last request: 7.013448 seconds.
  path: Assets/Textures/4KnifeLight/VFX_Knife light_03_A.png
  artifactKey: Guid(737cf8006a3e86241b53ac30988ba5db) Importer(815301076,1909f56bfc062723c751e8b465ee728b)
Start importing Assets/Textures/4KnifeLight/VFX_Knife light_03_A.png using Guid(737cf8006a3e86241b53ac30988ba5db) Importer(815301076,1909f56bfc062723c751e8b465ee728b)  -> (artifact id: '7b784ce619b2be4e424352be5c9e817c') in 0.013097 seconds 
========================================================================
Received Import Request.
  Time since last request: 0.000031 seconds.
  path: Assets/Textures/4KnifeLight/VFX_X077_1x8_Knife light_A.png
  artifactKey: Guid(38a411d90a8682e4894e90c387026b66) Importer(815301076,1909f56bfc062723c751e8b465ee728b)
Start importing Assets/Textures/4KnifeLight/VFX_X077_1x8_Knife light_A.png using Guid(38a411d90a8682e4894e90c387026b66) Importer(815301076,1909f56bfc062723c751e8b465ee728b)  -> (artifact id: 'e62629e5c990ccb674d8047681700177') in 0.016513 seconds 
========================================================================
Received Import Request.
  Time since last request: 60.198184 seconds.
  path: Assets/Materials/4KnifeLight/KnifeLight_001.mat
  artifactKey: Guid(e112d6450ab4501459f1e66a59f23484) Importer(815301076,1909f56bfc062723c751e8b465ee728b)
Start importing Assets/Materials/4KnifeLight/KnifeLight_001.mat using Guid(e112d6450ab4501459f1e66a59f23484) Importer(815301076,1909f56bfc062723c751e8b465ee728b)  -> (artifact id: 'ea89de8476b62f92062cb4c15d510f1e') in 0.013757 seconds 
========================================================================
Received Import Request.
  Time since last request: 1.623685 seconds.
  path: Assets/Materials/4KnifeLight/KnifeLight_002.mat
  artifactKey: Guid(8105cd169774c144b840dfd48227ccdd) Importer(815301076,1909f56bfc062723c751e8b465ee728b)
Start importing Assets/Materials/4KnifeLight/KnifeLight_002.mat using Guid(8105cd169774c144b840dfd48227ccdd) Importer(815301076,1909f56bfc062723c751e8b465ee728b)  -> (artifact id: '2a90229bc7bbbbf2206081e9b42eb402') in 0.013995 seconds 
========================================================================
Received Import Request.
  Time since last request: 0.000025 seconds.
  path: Assets/Materials/4KnifeLight/KnifeLight_003.mat
  artifactKey: Guid(2206ebcae75a17f4ea320b57dac655f1) Importer(815301076,1909f56bfc062723c751e8b465ee728b)
Start importing Assets/Materials/4KnifeLight/KnifeLight_003.mat using Guid(2206ebcae75a17f4ea320b57dac655f1) Importer(815301076,1909f56bfc062723c751e8b465ee728b)  -> (artifact id: '9357a6f81bda0279cf95885f90c871bf') in 0.011957 seconds 
========================================================================
Received Import Request.
  Time since last request: 2.915606 seconds.
  path: Assets/Materials/4KnifeLight/KnifeLight_004.mat
  artifactKey: Guid(60804dfc59d45944e89f5842bf2a5f64) Importer(815301076,1909f56bfc062723c751e8b465ee728b)
Start importing Assets/Materials/4KnifeLight/KnifeLight_004.mat using Guid(60804dfc59d45944e89f5842bf2a5f64) Importer(815301076,1909f56bfc062723c751e8b465ee728b)  -> (artifact id: 'b71774317408873371f80a275244a878') in 0.013024 seconds 
========================================================================
Received Import Request.
  Time since last request: 57.818824 seconds.
  path: Assets/Textures/4KnifeLight/UGC_VFX_Shine004_Clamp_A.png
  artifactKey: Guid(451e7c2438b56f441b8dbbd8ed475698) Importer(815301076,1909f56bfc062723c751e8b465ee728b)
Start importing Assets/Textures/4KnifeLight/UGC_VFX_Shine004_Clamp_A.png using Guid(451e7c2438b56f441b8dbbd8ed475698) Importer(815301076,1909f56bfc062723c751e8b465ee728b)  -> (artifact id: 'fd3749f1e62c006ef51bf4c5c25ccf49') in 0.013221 seconds 
========================================================================
Received Import Request.
  Time since last request: 561.442051 seconds.
  path: Assets/Materials/4KnifeLight/KnifeLight_002.mat
  artifactKey: Guid(8105cd169774c144b840dfd48227ccdd) Importer(815301076,1909f56bfc062723c751e8b465ee728b)
Start importing Assets/Materials/4KnifeLight/KnifeLight_002.mat using Guid(8105cd169774c144b840dfd48227ccdd) Importer(815301076,1909f56bfc062723c751e8b465ee728b)  -> (artifact id: '18a812bab999e881fa8e01ffba402abe') in 0.056826 seconds 
========================================================================
Received Import Request.
  Time since last request: 460.506523 seconds.
  path: Assets/Textures/4KnifeLight/UGC_VFX_Shine004_Clamp_A.png
  artifactKey: Guid(451e7c2438b56f441b8dbbd8ed475698) Importer(815301076,1909f56bfc062723c751e8b465ee728b)
Start importing Assets/Textures/4KnifeLight/UGC_VFX_Shine004_Clamp_A.png using Guid(451e7c2438b56f441b8dbbd8ed475698) Importer(815301076,1909f56bfc062723c751e8b465ee728b)  -> (artifact id: '0d0c01dce9e2804e584640917e5b39fd') in 0.013483 seconds 
========================================================================
Received Import Request.
  Time since last request: 1314.561085 seconds.
  path: Assets/Models/KnifeLight1.fbx
  artifactKey: Guid(363833f53a5b0074fbcf4737118d8071) Importer(815301076,1909f56bfc062723c751e8b465ee728b)
Start importing Assets/Models/KnifeLight1.fbx using Guid(363833f53a5b0074fbcf4737118d8071) Importer(815301076,1909f56bfc062723c751e8b465ee728b)  -> (artifact id: 'e4acd9dfa31a98d4eea62f79d4a17d0f') in 0.013382 seconds 
========================================================================
Received Import Request.
  Time since last request: 78.621724 seconds.
  path: Assets/Models/KnifeLight1.fbx
  artifactKey: Guid(363833f53a5b0074fbcf4737118d8071) Importer(815301076,1909f56bfc062723c751e8b465ee728b)
Start importing Assets/Models/KnifeLight1.fbx using Guid(363833f53a5b0074fbcf4737118d8071) Importer(815301076,1909f56bfc062723c751e8b465ee728b)  -> (artifact id: 'd7e3367cd6b94d32371bc36f509cd845') in 0.040982 seconds 
========================================================================
Received Import Request.
  Time since last request: 12.840689 seconds.
  path: Assets/Models/KnifeLight1.fbx
  artifactKey: Guid(363833f53a5b0074fbcf4737118d8071) Importer(815301076,1909f56bfc062723c751e8b465ee728b)
Start importing Assets/Models/KnifeLight1.fbx using Guid(363833f53a5b0074fbcf4737118d8071) Importer(815301076,1909f56bfc062723c751e8b465ee728b)  -> (artifact id: '8d29450cba854f7fd7febb94f25d42ca') in 0.025803 seconds 
========================================================================
Received Import Request.
  Time since last request: 50.196935 seconds.
  path: Assets/Models/KnifeLight1.fbx
  artifactKey: Guid(363833f53a5b0074fbcf4737118d8071) Importer(815301076,1909f56bfc062723c751e8b465ee728b)
Start importing Assets/Models/KnifeLight1.fbx using Guid(363833f53a5b0074fbcf4737118d8071) Importer(815301076,1909f56bfc062723c751e8b465ee728b)  -> (artifact id: '54a3c3fe190d5701fbfa43911a0cad9e') in 0.031360 seconds 
========================================================================
Received Import Request.
  Time since last request: 19.653769 seconds.
  path: Assets/Models/KnifeLight1.fbx
  artifactKey: Guid(363833f53a5b0074fbcf4737118d8071) Importer(815301076,1909f56bfc062723c751e8b465ee728b)
Start importing Assets/Models/KnifeLight1.fbx using Guid(363833f53a5b0074fbcf4737118d8071) Importer(815301076,1909f56bfc062723c751e8b465ee728b)  -> (artifact id: 'ad748f290dffa81a68373ca246e8d8da') in 0.026911 seconds 
========================================================================
Received Import Request.
  Time since last request: 811.086211 seconds.
  path: Assets/Materials/4KnifeLight/KnifeLight_001.mat
  artifactKey: Guid(e112d6450ab4501459f1e66a59f23484) Importer(815301076,1909f56bfc062723c751e8b465ee728b)
Start importing Assets/Materials/4KnifeLight/KnifeLight_001.mat using Guid(e112d6450ab4501459f1e66a59f23484) Importer(815301076,1909f56bfc062723c751e8b465ee728b)  -> (artifact id: '235afbd9b89b7929d916df22186e2dc0') in 0.016590 seconds 
========================================================================
Received Import Request.
  Time since last request: 0.000029 seconds.
  path: Assets/Materials/4KnifeLight/MAT_Glow_2.mat
  artifactKey: Guid(e24aea8ed2d40234c9f82c57afe128c0) Importer(815301076,1909f56bfc062723c751e8b465ee728b)
Start importing Assets/Materials/4KnifeLight/MAT_Glow_2.mat using Guid(e24aea8ed2d40234c9f82c57afe128c0) Importer(815301076,1909f56bfc062723c751e8b465ee728b)  -> (artifact id: '1102d6d651cef7f3029b6d4d96a4dc3f') in 0.012579 seconds 
========================================================================
Received Import Request.
  Time since last request: 1718.596314 seconds.
  path: Assets/Materials/4KnifeLight/MAT_Glow_2 1.mat
  artifactKey: Guid(0027ef023f34fb14abc6e9bb47dde69b) Importer(815301076,1909f56bfc062723c751e8b465ee728b)
Start importing Assets/Materials/4KnifeLight/MAT_Glow_2 1.mat using Guid(0027ef023f34fb14abc6e9bb47dde69b) Importer(815301076,1909f56bfc062723c751e8b465ee728b)  -> (artifact id: '08001a844921443272905230391327df') in 0.018485 seconds 
========================================================================
Received Import Request.
  Time since last request: 19.016624 seconds.
  path: Assets/Materials/4KnifeLight/MAT_Knite_Flow.mat
  artifactKey: Guid(0027ef023f34fb14abc6e9bb47dde69b) Importer(815301076,1909f56bfc062723c751e8b465ee728b)
Start importing Assets/Materials/4KnifeLight/MAT_Knite_Flow.mat using Guid(0027ef023f34fb14abc6e9bb47dde69b) Importer(815301076,1909f56bfc062723c751e8b465ee728b)  -> (artifact id: '7f9a1786576d43596aff273c48109cfa') in 0.018573 seconds 
========================================================================
Received Import Request.
  Time since last request: 1078.949826 seconds.
  path: Assets/Materials/4KnifeLight/MAT_Glow_2.mat
  artifactKey: Guid(e24aea8ed2d40234c9f82c57afe128c0) Importer(815301076,1909f56bfc062723c751e8b465ee728b)
Start importing Assets/Materials/4KnifeLight/MAT_Glow_2.mat using Guid(e24aea8ed2d40234c9f82c57afe128c0) Importer(815301076,1909f56bfc062723c751e8b465ee728b)  -> (artifact id: '961371c2e4da98477a21415262d2b658') in 0.017705 seconds 
========================================================================
Received Import Request.
  Time since last request: 0.000024 seconds.
  path: Assets/Materials/4KnifeLight/MAT_Knite_Flow.mat
  artifactKey: Guid(0027ef023f34fb14abc6e9bb47dde69b) Importer(815301076,1909f56bfc062723c751e8b465ee728b)
Start importing Assets/Materials/4KnifeLight/MAT_Knite_Flow.mat using Guid(0027ef023f34fb14abc6e9bb47dde69b) Importer(815301076,1909f56bfc062723c751e8b465ee728b)  -> (artifact id: 'b0afabe400069245bb1953876263e096') in 0.009903 seconds 
========================================================================
Received Import Request.
  Time since last request: 7.296248 seconds.
  path: Assets/Materials/4KnifeLight/MAT_Knite_Dark.mat
  artifactKey: Guid(fd4f8248419cfac4eb57810598e89265) Importer(815301076,1909f56bfc062723c751e8b465ee728b)
Start importing Assets/Materials/4KnifeLight/MAT_Knite_Dark.mat using Guid(fd4f8248419cfac4eb57810598e89265) Importer(815301076,1909f56bfc062723c751e8b465ee728b)  -> (artifact id: 'e028a8eea4b5714bd9211c892bee990b') in 0.021463 seconds 
========================================================================
Received Import Request.
  Time since last request: 226.577245 seconds.
  path: Assets/Materials/4KnifeLight/MAT_Knite_Glow.mat
  artifactKey: Guid(0027ef023f34fb14abc6e9bb47dde69b) Importer(815301076,1909f56bfc062723c751e8b465ee728b)
Start importing Assets/Materials/4KnifeLight/MAT_Knite_Glow.mat using Guid(0027ef023f34fb14abc6e9bb47dde69b) Importer(815301076,1909f56bfc062723c751e8b465ee728b)  -> (artifact id: 'e16175136249400a0681e32bb572c5af') in 0.014503 seconds 
========================================================================
Received Import Request.
  Time since last request: 45.265312 seconds.
  path: Assets/Textures/4KnifeLight/VFX_Shine046.tga
  artifactKey: Guid(d2b1f1453f4cde34e8c2e082e0a6ec52) Importer(815301076,1909f56bfc062723c751e8b465ee728b)
Start importing Assets/Textures/4KnifeLight/VFX_Shine046.tga using Guid(d2b1f1453f4cde34e8c2e082e0a6ec52) Importer(815301076,1909f56bfc062723c751e8b465ee728b)  -> (artifact id: '0457c8c27b1b0195b093edc110db784a') in 0.015915 seconds 
========================================================================
Received Import Request.
  Time since last request: 364.874354 seconds.
  path: Assets/Textures/4KnifeLight/VFX_Shine046.tga
  artifactKey: Guid(d2b1f1453f4cde34e8c2e082e0a6ec52) Importer(815301076,1909f56bfc062723c751e8b465ee728b)
Start importing Assets/Textures/4KnifeLight/VFX_Shine046.tga using Guid(d2b1f1453f4cde34e8c2e082e0a6ec52) Importer(815301076,1909f56bfc062723c751e8b465ee728b)  -> (artifact id: 'edc9079d55bd33d372487984c1c53702') in 0.013837 seconds 
========================================================================
Received Prepare
Registering precompiled user dll's ...
Registered in 0.009213 seconds.
Begin MonoManager ReloadAssembly
Symbol file LoadedFromMemory doesn't match image F:\UnityProjects\VFX\Library\PackageCache\com.unity.visualscripting@1.8.0\Editor\VisualScripting.Core\Dependencies\YamlDotNet\Unity.VisualScripting.YamlDotNet.dll
Symbol file LoadedFromMemory doesn't match image F:\UnityProjects\VFX\Library\PackageCache\com.unity.visualscripting@1.8.0\Editor\VisualScripting.Core\Dependencies\DotNetZip\Unity.VisualScripting.IonicZip.dll
Native extension for WindowsStandalone target not found
Refreshing native plugins compatible for Editor in 0.46 ms, found 3 plugins.
Preloading 0 native plugins for Editor in 0.00 ms.
Mono: successfully reloaded assembly
- Completed reload, in  1.090 seconds
Domain Reload Profiling:
	ReloadAssembly (1091ms)
		BeginReloadAssembly (167ms)
			ExecutionOrderSort (0ms)
			DisableScriptedObjects (6ms)
			BackupInstance (0ms)
			ReleaseScriptingObjects (0ms)
			CreateAndSetChildDomain (34ms)
		EndReloadAssembly (806ms)
			LoadAssemblies (110ms)
			RebuildTransferFunctionScriptingTraits (0ms)
			SetupTypeCache (273ms)
			ReleaseScriptCaches (1ms)
			RebuildScriptCaches (43ms)
			SetupLoadedEditorAssemblies (345ms)
				LogAssemblyErrors (0ms)
				InitializePlatformSupportModulesInManaged (8ms)
				SetLoadedEditorAssemblies (1ms)
				RefreshPlugins (1ms)
				BeforeProcessingInitializeOnLoad (75ms)
				ProcessInitializeOnLoadAttributes (222ms)
				ProcessInitializeOnLoadMethodAttributes (24ms)
				AfterProcessingInitializeOnLoad (15ms)
				EditorAssembliesLoaded (0ms)
			ExecutionOrderSort2 (0ms)
			AwakeInstancesAfterBackupRestoration (8ms)
Platform modules already initialized, skipping
Refreshing native plugins compatible for Editor in 1.79 ms, found 3 plugins.
Preloading 0 native plugins for Editor in 0.00 ms.
Unloading 3044 Unused Serialized files (Serialized files now loaded: 0)
Unloading 15 unused Assets / (22.0 KB). Loaded Objects now: 3572.
Memory consumption went from 112.9 MB to 112.9 MB.
Total: 2.897900 ms (FindLiveObjects: 0.378900 ms CreateObjectMapping: 0.083400 ms MarkObjects: 2.411100 ms  DeleteObjects: 0.023100 ms)

AssetImportParameters requested are different than current active one (requested -> active):
  custom:video-decoder-ogg-theora: a1e56fd34408186e4bbccfd4996cb3dc -> 
  custom:container-muxer-webm: aa71ff27fc2769a1b78a27578f13a17b -> 
  custom:container-demuxer-webm: 4f35f7cbe854078d1ac9338744f61a02 -> 
  custom:video-encoder-webm-vp8: eb34c28f22e8b96e1ab97ce403110664 -> 
  custom:audio-encoder-webm-vorbis: bf7c407c2cedff20999df2af8eb42d56 -> 
  custom:framework-win-MediaFoundation: 216162199b28c13a410421893ffa2e32 -> 
  custom:container-demuxer-ogg: 62fdf1f143b41e24485cea50d1cbac27 -> 
  custom:video-decoder-webm-vp8: 9c59270c3fd7afecdb556c50c9e8de78 -> 
  custom:audio-decoder-ogg-vorbis: bf7c407c2cedff20999df2af8eb42d56 -> 
========================================================================
Received Import Request.
  Time since last request: 23192.754843 seconds.
  path: Assets/Materials/4KnifeLight/MAT_Glow_2.mat
  artifactKey: Guid(e24aea8ed2d40234c9f82c57afe128c0) Importer(815301076,1909f56bfc062723c751e8b465ee728b)
Start importing Assets/Materials/4KnifeLight/MAT_Glow_2.mat using Guid(e24aea8ed2d40234c9f82c57afe128c0) Importer(815301076,1909f56bfc062723c751e8b465ee728b)  -> (artifact id: '31d9070f5e31dfc64fb69ec6e5a139b9') in 0.162960 seconds 
