Using pre-set license
Built from '2021.3/china_unity/release' branch; Version is '2021.3.27f1c1 (2776fa9c5d2b) revision 2586362'; Using compiler version '192829333'; Build Type 'Release'
OS: 'Windows 10  (10.0.19045) 64bit Professional' Language: 'zh' Physical Memory: 32581 MB
BatchMode: 1, IsHumanControllingUs: 0, StartBugReporterOnCrash: 0, Is64bit: 1, IsPro: 1

COMMAND LINE ARGUMENTS:
C:\Program Files\Unity\Hub\Editor\2021.3.27f1c1\Editor\Unity.exe
-adb2
-batchMode
-noUpm
-name
AssetImportWorker1
-projectPath
F:/UnityProjects/VFX
-logFile
Logs/AssetImportWorker1.log
-srvPort
7166
Successfully changed project path to: F:/UnityProjects/VFX
F:/UnityProjects/VFX
[UnityMemory] Configuration Parameters - Can be set up in boot.config
    "memorysetup-bucket-allocator-granularity=16"
    "memorysetup-bucket-allocator-bucket-count=8"
    "memorysetup-bucket-allocator-block-size=33554432"
    "memorysetup-bucket-allocator-block-count=8"
    "memorysetup-main-allocator-block-size=16777216"
    "memorysetup-thread-allocator-block-size=16777216"
    "memorysetup-gfx-main-allocator-block-size=16777216"
    "memorysetup-gfx-thread-allocator-block-size=16777216"
    "memorysetup-cache-allocator-block-size=4194304"
    "memorysetup-typetree-allocator-block-size=2097152"
    "memorysetup-profiler-bucket-allocator-granularity=16"
    "memorysetup-profiler-bucket-allocator-bucket-count=8"
    "memorysetup-profiler-bucket-allocator-block-size=33554432"
    "memorysetup-profiler-bucket-allocator-block-count=8"
    "memorysetup-profiler-allocator-block-size=16777216"
    "memorysetup-profiler-editor-allocator-block-size=1048576"
    "memorysetup-temp-allocator-size-main=16777216"
    "memorysetup-job-temp-allocator-block-size=2097152"
    "memorysetup-job-temp-allocator-block-size-background=1048576"
    "memorysetup-job-temp-allocator-reduction-small-platforms=262144"
    "memorysetup-temp-allocator-size-background-worker=32768"
    "memorysetup-temp-allocator-size-job-worker=262144"
    "memorysetup-temp-allocator-size-preload-manager=33554432"
    "memorysetup-temp-allocator-size-nav-mesh-worker=65536"
    "memorysetup-temp-allocator-size-audio-worker=65536"
    "memorysetup-temp-allocator-size-cloud-worker=32768"
    "memorysetup-temp-allocator-size-gi-baking-worker=262144"
    "memorysetup-temp-allocator-size-gfx=262144"
Player connection [34776] Host "[IP] 192.168.0.107 [Port] 0 [Flags] 2 [Guid] 1188758394 [EditorId] 1188758394 [Version] 1048832 [Id] WindowsEditor(7,DESKTOP-JNUEP2Q) [Debug] 1 [PackageName] WindowsEditor [ProjectName] Editor" joined multi-casting on [225.0.0.222:54997]...

Player connection [34776] Host "[IP] 192.168.0.107 [Port] 0 [Flags] 2 [Guid] 1188758394 [EditorId] 1188758394 [Version] 1048832 [Id] WindowsEditor(7,DESKTOP-JNUEP2Q) [Debug] 1 [PackageName] WindowsEditor [ProjectName] Editor" joined alternative multi-casting on [225.0.0.222:34997]...

AS: AutoStreaming module initializing.
Refreshing native plugins compatible for Editor in 86.28 ms, found 3 plugins.
Preloading 0 native plugins for Editor in 0.00 ms.
Initialize engine version: 2021.3.27f1c1 (2776fa9c5d2b)
[Subsystems] Discovering subsystems at path C:/Program Files/Unity/Hub/Editor/2021.3.27f1c1/Editor/Data/Resources/UnitySubsystems
[Subsystems] Discovering subsystems at path F:/UnityProjects/VFX/Assets
GfxDevice: creating device client; threaded=0; jobified=0
Direct3D:
    Version:  Direct3D 11.0 [level 11.1]
    Renderer: NVIDIA GeForce RTX 3060 Ti (ID=0x24c9)
    Vendor:   NVIDIA
    VRAM:     8038 MB
    Driver:   31.0.15.3179
Initialize mono
Mono path[0] = 'C:/Program Files/Unity/Hub/Editor/2021.3.27f1c1/Editor/Data/Managed'
Mono path[1] = 'C:/Program Files/Unity/Hub/Editor/2021.3.27f1c1/Editor/Data/MonoBleedingEdge/lib/mono/unityjit-win32'
Mono config path = 'C:/Program Files/Unity/Hub/Editor/2021.3.27f1c1/Editor/Data/MonoBleedingEdge/etc'
Using monoOptions --debugger-agent=transport=dt_socket,embedding=1,server=y,suspend=n,address=127.0.0.1:56976
Begin MonoManager ReloadAssembly
Registering precompiled unity dll's ...
Register platform support module: C:/Program Files/Unity/Hub/Editor/2021.3.27f1c1/Editor/Data/PlaybackEngines/WindowsStandaloneSupport/UnityEditor.WindowsStandalone.Extensions.dll
Registered in 0.008192 seconds.
Native extension for WindowsStandalone target not found
Refreshing native plugins compatible for Editor in 87.26 ms, found 3 plugins.
Preloading 0 native plugins for Editor in 0.00 ms.
Mono: successfully reloaded assembly
- Completed reload, in  0.720 seconds
Domain Reload Profiling:
	ReloadAssembly (721ms)
		BeginReloadAssembly (82ms)
			ExecutionOrderSort (0ms)
			DisableScriptedObjects (0ms)
			BackupInstance (0ms)
			ReleaseScriptingObjects (0ms)
			CreateAndSetChildDomain (1ms)
		EndReloadAssembly (515ms)
			LoadAssemblies (80ms)
			RebuildTransferFunctionScriptingTraits (0ms)
			SetupTypeCache (115ms)
			ReleaseScriptCaches (0ms)
			RebuildScriptCaches (36ms)
			SetupLoadedEditorAssemblies (301ms)
				LogAssemblyErrors (0ms)
				InitializePlatformSupportModulesInManaged (10ms)
				SetLoadedEditorAssemblies (0ms)
				RefreshPlugins (87ms)
				BeforeProcessingInitializeOnLoad (2ms)
				ProcessInitializeOnLoadAttributes (138ms)
				ProcessInitializeOnLoadMethodAttributes (63ms)
				AfterProcessingInitializeOnLoad (0ms)
				EditorAssembliesLoaded (0ms)
			ExecutionOrderSort2 (0ms)
			AwakeInstancesAfterBackupRestoration (0ms)
Platform modules already initialized, skipping
Registering precompiled user dll's ...
Registered in 0.007859 seconds.
Begin MonoManager ReloadAssembly
Symbol file LoadedFromMemory doesn't match image F:\UnityProjects\VFX\Library\PackageCache\com.unity.visualscripting@1.8.0\Editor\VisualScripting.Core\Dependencies\YamlDotNet\Unity.VisualScripting.YamlDotNet.dll
Symbol file LoadedFromMemory doesn't match image F:\UnityProjects\VFX\Library\PackageCache\com.unity.visualscripting@1.8.0\Editor\VisualScripting.Core\Dependencies\DotNetZip\Unity.VisualScripting.IonicZip.dll
Native extension for WindowsStandalone target not found
Refreshing native plugins compatible for Editor in 0.60 ms, found 3 plugins.
Preloading 0 native plugins for Editor in 0.00 ms.
Mono: successfully reloaded assembly
- Completed reload, in  1.114 seconds
Domain Reload Profiling:
	ReloadAssembly (1115ms)
		BeginReloadAssembly (130ms)
			ExecutionOrderSort (0ms)
			DisableScriptedObjects (7ms)
			BackupInstance (0ms)
			ReleaseScriptingObjects (0ms)
			CreateAndSetChildDomain (18ms)
		EndReloadAssembly (854ms)
			LoadAssemblies (94ms)
			RebuildTransferFunctionScriptingTraits (0ms)
			SetupTypeCache (284ms)
			ReleaseScriptCaches (0ms)
			RebuildScriptCaches (53ms)
			SetupLoadedEditorAssemblies (382ms)
				LogAssemblyErrors (0ms)
				InitializePlatformSupportModulesInManaged (7ms)
				SetLoadedEditorAssemblies (1ms)
				RefreshPlugins (1ms)
				BeforeProcessingInitializeOnLoad (94ms)
				ProcessInitializeOnLoadAttributes (245ms)
				ProcessInitializeOnLoadMethodAttributes (23ms)
				AfterProcessingInitializeOnLoad (13ms)
				EditorAssembliesLoaded (0ms)
			ExecutionOrderSort2 (0ms)
			AwakeInstancesAfterBackupRestoration (7ms)
Platform modules already initialized, skipping
========================================================================
Worker process is ready to serve import requests
Launched and connected shader compiler UnityShaderCompiler.exe after 0.04 seconds
Refreshing native plugins compatible for Editor in 0.34 ms, found 3 plugins.
Preloading 0 native plugins for Editor in 0.00 ms.
Unloading 3055 Unused Serialized files (Serialized files now loaded: 0)
Unloading 22 unused Assets / (46.3 KB). Loaded Objects now: 3522.
Memory consumption went from 108.6 MB to 108.6 MB.
Total: 1.912400 ms (FindLiveObjects: 0.153200 ms CreateObjectMapping: 0.057800 ms MarkObjects: 1.646100 ms  DeleteObjects: 0.054400 ms)

AssetImportParameters requested are different than current active one (requested -> active):
  custom:video-decoder-ogg-theora: a1e56fd34408186e4bbccfd4996cb3dc -> 
  custom:container-muxer-webm: aa71ff27fc2769a1b78a27578f13a17b -> 
  custom:container-demuxer-webm: 4f35f7cbe854078d1ac9338744f61a02 -> 
  custom:video-encoder-webm-vp8: eb34c28f22e8b96e1ab97ce403110664 -> 
  custom:audio-encoder-webm-vorbis: bf7c407c2cedff20999df2af8eb42d56 -> 
  custom:framework-win-MediaFoundation: 216162199b28c13a410421893ffa2e32 -> 
  custom:container-demuxer-ogg: 62fdf1f143b41e24485cea50d1cbac27 -> 
  custom:video-decoder-webm-vp8: 9c59270c3fd7afecdb556c50c9e8de78 -> 
  custom:audio-decoder-ogg-vorbis: bf7c407c2cedff20999df2af8eb42d56 -> 
========================================================================
Received Import Request.
  Time since last request: 1739457.320835 seconds.
  path: Assets/Textures/4KnifeLight/VFX_Knife light_03_A.png
  artifactKey: Guid(737cf8006a3e86241b53ac30988ba5db) Importer(815301076,1909f56bfc062723c751e8b465ee728b)
Start importing Assets/Textures/4KnifeLight/VFX_Knife light_03_A.png using Guid(737cf8006a3e86241b53ac30988ba5db) Importer(815301076,1909f56bfc062723c751e8b465ee728b)  -> (artifact id: '9df970486eb934ce7748d79bb3fe67cc') in 0.094843 seconds 
========================================================================
Received Import Request.
  Time since last request: 5.543390 seconds.
  path: Assets/Materials/4KnifeLight/KnifeLight.mat
  artifactKey: Guid(e112d6450ab4501459f1e66a59f23484) Importer(815301076,1909f56bfc062723c751e8b465ee728b)
Start importing Assets/Materials/4KnifeLight/KnifeLight.mat using Guid(e112d6450ab4501459f1e66a59f23484) Importer(815301076,1909f56bfc062723c751e8b465ee728b)  -> (artifact id: 'e52ad03cbdd8c5321fccfddc17260ac6') in 0.086906 seconds 
========================================================================
Received Import Request.
  Time since last request: 156.124292 seconds.
  path: Assets/Materials/4KnifeLight/KnifeLight_002.mat
  artifactKey: Guid(8105cd169774c144b840dfd48227ccdd) Importer(815301076,1909f56bfc062723c751e8b465ee728b)
Start importing Assets/Materials/4KnifeLight/KnifeLight_002.mat using Guid(8105cd169774c144b840dfd48227ccdd) Importer(815301076,1909f56bfc062723c751e8b465ee728b)  -> (artifact id: '72608b83e08556bec077f43162a26a2c') in 0.016869 seconds 
========================================================================
Received Import Request.
  Time since last request: 2039.553222 seconds.
  path: Assets/Textures/4KnifeLight/VFX_Shine046.png
  artifactKey: Guid(99e901446ac7c5e4fad3663d81471c52) Importer(815301076,1909f56bfc062723c751e8b465ee728b)
Start importing Assets/Textures/4KnifeLight/VFX_Shine046.png using Guid(99e901446ac7c5e4fad3663d81471c52) Importer(815301076,1909f56bfc062723c751e8b465ee728b)  -> (artifact id: '29bc6d9c2ac9f9966a3d4f64af471647') in 0.014593 seconds 
========================================================================
Received Import Request.
  Time since last request: 61.858950 seconds.
  path: Assets/Materials/4KnifeLight/KnifeLight_003 1.mat
  artifactKey: Guid(60804dfc59d45944e89f5842bf2a5f64) Importer(815301076,1909f56bfc062723c751e8b465ee728b)
Start importing Assets/Materials/4KnifeLight/KnifeLight_003 1.mat using Guid(60804dfc59d45944e89f5842bf2a5f64) Importer(815301076,1909f56bfc062723c751e8b465ee728b)  -> (artifact id: '247fbe5ba638c00edcbe5e5b12c8a8fa') in 0.015382 seconds 
========================================================================
Received Import Request.
  Time since last request: 622.230676 seconds.
  path: Assets/Textures/4KnifeLight/VFX_Knife light_03_A.png
  artifactKey: Guid(737cf8006a3e86241b53ac30988ba5db) Importer(815301076,1909f56bfc062723c751e8b465ee728b)
Start importing Assets/Textures/4KnifeLight/VFX_Knife light_03_A.png using Guid(737cf8006a3e86241b53ac30988ba5db) Importer(815301076,1909f56bfc062723c751e8b465ee728b)  -> (artifact id: '22cc34367b3124356548fa5acfed19f3') in 0.053486 seconds 
========================================================================
Received Import Request.
  Time since last request: 2747.651009 seconds.
  path: Assets/Materials/4KnifeLight/KnifeLight_004.mat
  artifactKey: Guid(60804dfc59d45944e89f5842bf2a5f64) Importer(815301076,1909f56bfc062723c751e8b465ee728b)
Start importing Assets/Materials/4KnifeLight/KnifeLight_004.mat using Guid(60804dfc59d45944e89f5842bf2a5f64) Importer(815301076,1909f56bfc062723c751e8b465ee728b)  -> (artifact id: '32977ac18bc5ccba27ea91d0e6da7c09') in 0.016062 seconds 
========================================================================
Received Import Request.
  Time since last request: 1718.613279 seconds.
  path: Assets/Materials/4KnifeLight/MAT_Glow_2.mat
  artifactKey: Guid(e24aea8ed2d40234c9f82c57afe128c0) Importer(815301076,1909f56bfc062723c751e8b465ee728b)
Start importing Assets/Materials/4KnifeLight/MAT_Glow_2.mat using Guid(e24aea8ed2d40234c9f82c57afe128c0) Importer(815301076,1909f56bfc062723c751e8b465ee728b)  -> (artifact id: '231db70a9f7ca399edde92d95981e3f9') in 0.016450 seconds 
========================================================================
Received Import Request.
  Time since last request: 1097.992091 seconds.
  path: Assets/Materials/4KnifeLight/MAT_Knite_Flow 1.mat
  artifactKey: Guid(fd4f8248419cfac4eb57810598e89265) Importer(815301076,1909f56bfc062723c751e8b465ee728b)
Start importing Assets/Materials/4KnifeLight/MAT_Knite_Flow 1.mat using Guid(fd4f8248419cfac4eb57810598e89265) Importer(815301076,1909f56bfc062723c751e8b465ee728b)  -> (artifact id: '2478180d008712a1d3540361df2b6b93') in 0.019963 seconds 
========================================================================
Received Prepare
Registering precompiled user dll's ...
Registered in 0.009204 seconds.
Begin MonoManager ReloadAssembly
Symbol file LoadedFromMemory doesn't match image F:\UnityProjects\VFX\Library\PackageCache\com.unity.visualscripting@1.8.0\Editor\VisualScripting.Core\Dependencies\YamlDotNet\Unity.VisualScripting.YamlDotNet.dll
Symbol file LoadedFromMemory doesn't match image F:\UnityProjects\VFX\Library\PackageCache\com.unity.visualscripting@1.8.0\Editor\VisualScripting.Core\Dependencies\DotNetZip\Unity.VisualScripting.IonicZip.dll
Native extension for WindowsStandalone target not found
Refreshing native plugins compatible for Editor in 0.51 ms, found 3 plugins.
Preloading 0 native plugins for Editor in 0.00 ms.
Mono: successfully reloaded assembly
- Completed reload, in  1.088 seconds
Domain Reload Profiling:
	ReloadAssembly (1089ms)
		BeginReloadAssembly (166ms)
			ExecutionOrderSort (0ms)
			DisableScriptedObjects (6ms)
			BackupInstance (0ms)
			ReleaseScriptingObjects (0ms)
			CreateAndSetChildDomain (34ms)
		EndReloadAssembly (806ms)
			LoadAssemblies (110ms)
			RebuildTransferFunctionScriptingTraits (0ms)
			SetupTypeCache (272ms)
			ReleaseScriptCaches (1ms)
			RebuildScriptCaches (43ms)
			SetupLoadedEditorAssemblies (346ms)
				LogAssemblyErrors (0ms)
				InitializePlatformSupportModulesInManaged (7ms)
				SetLoadedEditorAssemblies (1ms)
				RefreshPlugins (1ms)
				BeforeProcessingInitializeOnLoad (76ms)
				ProcessInitializeOnLoadAttributes (222ms)
				ProcessInitializeOnLoadMethodAttributes (24ms)
				AfterProcessingInitializeOnLoad (15ms)
				EditorAssembliesLoaded (0ms)
			ExecutionOrderSort2 (0ms)
			AwakeInstancesAfterBackupRestoration (8ms)
Platform modules already initialized, skipping
Refreshing native plugins compatible for Editor in 2.08 ms, found 3 plugins.
Preloading 0 native plugins for Editor in 0.00 ms.
Unloading 3044 Unused Serialized files (Serialized files now loaded: 0)
Unloading 15 unused Assets / (21.9 KB). Loaded Objects now: 3568.
Memory consumption went from 112.5 MB to 112.5 MB.
Total: 2.887300 ms (FindLiveObjects: 0.380500 ms CreateObjectMapping: 0.091000 ms MarkObjects: 2.391100 ms  DeleteObjects: 0.023500 ms)

AssetImportParameters requested are different than current active one (requested -> active):
  custom:video-decoder-ogg-theora: a1e56fd34408186e4bbccfd4996cb3dc -> 
  custom:container-muxer-webm: aa71ff27fc2769a1b78a27578f13a17b -> 
  custom:container-demuxer-webm: 4f35f7cbe854078d1ac9338744f61a02 -> 
  custom:video-encoder-webm-vp8: eb34c28f22e8b96e1ab97ce403110664 -> 
  custom:audio-encoder-webm-vorbis: bf7c407c2cedff20999df2af8eb42d56 -> 
  custom:framework-win-MediaFoundation: 216162199b28c13a410421893ffa2e32 -> 
  custom:container-demuxer-ogg: 62fdf1f143b41e24485cea50d1cbac27 -> 
  custom:video-decoder-webm-vp8: 9c59270c3fd7afecdb556c50c9e8de78 -> 
  custom:audio-decoder-ogg-vorbis: bf7c407c2cedff20999df2af8eb42d56 -> 
========================================================================
Received Import Request.
  Time since last request: 23836.869988 seconds.
  path: Assets/Materials/4KnifeLight/MAT_Knite_Dark.mat
  artifactKey: Guid(fd4f8248419cfac4eb57810598e89265) Importer(815301076,1909f56bfc062723c751e8b465ee728b)
Start importing Assets/Materials/4KnifeLight/MAT_Knite_Dark.mat using Guid(fd4f8248419cfac4eb57810598e89265) Importer(815301076,1909f56bfc062723c751e8b465ee728b)  -> (artifact id: '23c90945501790b60dbddb08fbce90cb') in 0.101909 seconds 
========================================================================
Received Import Request.
  Time since last request: 0.000047 seconds.
  path: Assets/Materials/4KnifeLight/MAT_Knite_Glow.mat
  artifactKey: Guid(0027ef023f34fb14abc6e9bb47dde69b) Importer(815301076,1909f56bfc062723c751e8b465ee728b)
Start importing Assets/Materials/4KnifeLight/MAT_Knite_Glow.mat using Guid(0027ef023f34fb14abc6e9bb47dde69b) Importer(815301076,1909f56bfc062723c751e8b465ee728b)  -> (artifact id: 'ef6d2a1363ffcc06c03d3207a0b8d7f9') in 0.015024 seconds 
